{"uuid":"0eff9545-de59-48f6-b838-3b6b2c530c28","historyId":"148a492f8070460c86c2afc3cbf6e4e3","fullName":"src/test/resources/features/2login.feature:13","labels":[{"name":"tag","value":"Login"},{"name":"host","value":"DESKTOP-7KO0I2O"},{"name":"thread","value":"17592@DESKTOP-7KO0I2O.main(1)"},{"name":"feature","value":"OrangeHRM Login Functionality"},{"name":"story","value":"Login to OrangeHRM"},{"name":"suite","value":"OrangeHRM Login Functionality"},{"name":"testClass","value":"Login to OrangeHRM"},{"name":"framework","value":"cucumber4jvm"},{"name":"language","value":"java"},{"name":"gherkin_uri","value":"file:///C:/Users/User/Desktop/ITQA-UI-Testing-Grp33-Selenium-Cucumber-TestNG/src/test/resources/features/2login.feature"},{"name":"package","value":"src.test.resources.features.2login_feature.OrangeHRM Login Functionality"}],"links":[],"name":"Login to OrangeHRM","status":"failed","statusDetails":{"known":false,"muted":false,"flaky":false,"message":"Unexpected result: User name is wrong","trace":"java.lang.AssertionError: Unexpected result: User name is wrong\r\n\tat stepDefinitions.LoginCheckStepDefinitions.userSeesResult(LoginCheckStepDefinitions.java:76)\r\n\tat ✽.User sees \"User name is wrong\"(file:///C:/Users/User/Desktop/ITQA-UI-Testing-Grp33-Selenium-Cucumber-TestNG/src/test/resources/features/2login.feature:9)\r\n"},"stage":"finished","steps":[{"name":"Given  User is on OrangeHRM login page","status":"passed","statusDetails":{"known":false,"muted":false,"flaky":false},"stage":"finished","steps":[],"attachments":[{"name":"LoginPage","source":"f1fec2e2-c508-42b3-b93a-183fb92de946-attachment","type":"image/png"}],"parameters":[],"start":1735801143423,"stop":1735801149050},{"name":"When  User enters username \"invaliduser\"","status":"passed","statusDetails":{"known":false,"muted":false,"flaky":false},"stage":"finished","steps":[],"attachments":[{"name":"EnterUsername","source":"62e5af12-a09c-48fc-8cb5-a855f07fa5e8-attachment","type":"image/png"}],"parameters":[],"start":1735801149050,"stop":1735801150728},{"name":"And  User enters password \"admin123\"","status":"passed","statusDetails":{"known":false,"muted":false,"flaky":false},"stage":"finished","steps":[],"attachments":[{"name":"InvalidPassword","source":"dc68c606-91d0-4177-a6e3-ffb081f154c1-attachment","type":"image/png"},{"name":"EnterPassword","source":"6dc26d34-4edd-455e-82e9-2edb2a8ee074-attachment","type":"image/png"}],"parameters":[],"start":1735801150729,"stop":1735801152523},{"name":"And  User clicks login button","status":"passed","statusDetails":{"known":false,"muted":false,"flaky":false},"stage":"finished","steps":[],"attachments":[{"name":"LoginButton","source":"c07c983f-e077-448e-b739-6eab842739b8-attachment","type":"image/png"}],"parameters":[],"start":1735801152524,"stop":1735801156249},{"name":"Then  User sees \"User name is wrong\"","status":"failed","statusDetails":{"known":false,"muted":false,"flaky":false,"message":"Unexpected result: User name is wrong","trace":"java.lang.AssertionError: Unexpected result: User name is wrong\r\n\tat stepDefinitions.LoginCheckStepDefinitions.userSeesResult(LoginCheckStepDefinitions.java:76)\r\n\tat ✽.User sees \"User name is wrong\"(file:///C:/Users/User/Desktop/ITQA-UI-Testing-Grp33-Selenium-Cucumber-TestNG/src/test/resources/features/2login.feature:9)\r\n"},"stage":"finished","steps":[],"attachments":[],"parameters":[],"start":1735801156250,"stop":1735801156266}],"attachments":[],"parameters":[{"name":"username","value":"invaliduser"},{"name":"password","value":"admin123"},{"name":"expectedResult","value":"User name is wrong"}],"start":1735801140220,"stop":1735801159091}