{"uuid":"352a8942-58e5-4fed-951c-85b397da9edc","name":"Scenario: Check post filtering functionalities Most Commented Posts","children":["832ed731-2c80-4ce3-938a-34189ed125e9"],"befores":[{"name":"stepDefinitions.AdminCreateEmployee.setUp(io.cucumber.java.Scenario)","status":"broken","statusDetails":{"known":false,"muted":false,"flaky":false,"message":"BEFORE is failed: Could not start a new session. Response code 500. Message: session not created: Chrome failed to start: was killed.\n  (session not created: DevToolsActivePort file doesn't exist)\n  (The process started from chrome location src/test/resources/driver/chromedriver.exe is no longer running, so ChromeDriver is assuming that Chrome has crashed.) \nHost info: host: 'DESKTOP-0PV7LGO', ip: '10.10.55.114'\nBuild info: version: '4.15.0', revision: '1d14b5521b'\nSystem info: os.name: 'Windows 10', os.arch: 'amd64', os.version: '10.0', java.version: '19.0.2'\nDriver info: org.openqa.selenium.chrome.ChromeDriver\nCommand: [null, newSession {capabilities=[Capabilities {browserName: chrome, goog:chromeOptions: {args: [--start-maximized], binary: src/test/resources/driver/c..., extensions: []}}]}]","trace":"org.openqa.selenium.SessionNotCreatedException: Could not start a new session. Response code 500. Message: session not created: Chrome failed to start: was killed.\n  (session not created: DevToolsActivePort file doesn't exist)\n  (The process started from chrome location src/test/resources/driver/chromedriver.exe is no longer running, so ChromeDriver is assuming that Chrome has crashed.) \nHost info: host: 'DESKTOP-0PV7LGO', ip: '10.10.55.114'\nBuild info: version: '4.15.0', revision: '1d14b5521b'\nSystem info: os.name: 'Windows 10', os.arch: 'amd64', os.version: '10.0', java.version: '19.0.2'\nDriver info: org.openqa.selenium.chrome.ChromeDriver\nCommand: [null, newSession {capabilities=[Capabilities {browserName: chrome, goog:chromeOptions: {args: [--start-maximized], binary: src/test/resources/driver/c..., extensions: []}}]}]\r\n\tat org.openqa.selenium.remote.ProtocolHandshake.createSession(ProtocolHandshake.java:140)\r\n\tat org.openqa.selenium.remote.ProtocolHandshake.createSession(ProtocolHandshake.java:96)\r\n\tat org.openqa.selenium.remote.ProtocolHandshake.createSession(ProtocolHandshake.java:68)\r\n\tat org.openqa.selenium.remote.HttpCommandExecutor.execute(HttpCommandExecutor.java:163)\r\n\tat org.openqa.selenium.remote.service.DriverCommandExecutor.invokeExecute(DriverCommandExecutor.java:200)\r\n\tat org.openqa.selenium.remote.service.DriverCommandExecutor.execute(DriverCommandExecutor.java:175)\r\n\tat org.openqa.selenium.remote.RemoteWebDriver.execute(RemoteWebDriver.java:607)\r\n\tat org.openqa.selenium.remote.RemoteWebDriver.startSession(RemoteWebDriver.java:241)\r\n\tat org.openqa.selenium.remote.RemoteWebDriver.<init>(RemoteWebDriver.java:168)\r\n\tat org.openqa.selenium.chromium.ChromiumDriver.<init>(ChromiumDriver.java:108)\r\n\tat org.openqa.selenium.chrome.ChromeDriver.<init>(ChromeDriver.java:89)\r\n\tat org.openqa.selenium.chrome.ChromeDriver.<init>(ChromeDriver.java:84)\r\n\tat org.openqa.selenium.chrome.ChromeDriver.<init>(ChromeDriver.java:73)\r\n\tat utils.SeleniumUtils.initializeDriver(SeleniumUtils.java:58)\r\n\tat utils.SeleniumUtils.<init>(SeleniumUtils.java:31)\r\n\tat stepDefinitions.AdminCreateEmployee.setUp(AdminCreateEmployee.java:35)\r\n"},"stage":"finished","steps":[],"attachments":[],"parameters":[],"start":1735719632231,"stop":1735719632485},{"name":"stepDefinitions.Buzz.setUp(io.cucumber.java.Scenario)","status":"broken","statusDetails":{"known":false,"muted":false,"flaky":false,"message":"BEFORE is failed: Could not start a new session. Response code 500. Message: session not created: Chrome failed to start: was killed.\n  (session not created: DevToolsActivePort file doesn't exist)\n  (The process started from chrome location src/test/resources/driver/chromedriver.exe is no longer running, so ChromeDriver is assuming that Chrome has crashed.) \nHost info: host: 'DESKTOP-0PV7LGO', ip: '10.10.55.114'\nBuild info: version: '4.15.0', revision: '1d14b5521b'\nSystem info: os.name: 'Windows 10', os.arch: 'amd64', os.version: '10.0', java.version: '19.0.2'\nDriver info: org.openqa.selenium.chrome.ChromeDriver\nCommand: [null, newSession {capabilities=[Capabilities {browserName: chrome, goog:chromeOptions: {args: [--start-maximized], binary: src/test/resources/driver/c..., extensions: []}}]}]","trace":"org.openqa.selenium.SessionNotCreatedException: Could not start a new session. Response code 500. Message: session not created: Chrome failed to start: was killed.\n  (session not created: DevToolsActivePort file doesn't exist)\n  (The process started from chrome location src/test/resources/driver/chromedriver.exe is no longer running, so ChromeDriver is assuming that Chrome has crashed.) \nHost info: host: 'DESKTOP-0PV7LGO', ip: '10.10.55.114'\nBuild info: version: '4.15.0', revision: '1d14b5521b'\nSystem info: os.name: 'Windows 10', os.arch: 'amd64', os.version: '10.0', java.version: '19.0.2'\nDriver info: org.openqa.selenium.chrome.ChromeDriver\nCommand: [null, newSession {capabilities=[Capabilities {browserName: chrome, goog:chromeOptions: {args: [--start-maximized], binary: src/test/resources/driver/c..., extensions: []}}]}]\r\n\tat org.openqa.selenium.remote.ProtocolHandshake.createSession(ProtocolHandshake.java:140)\r\n\tat org.openqa.selenium.remote.ProtocolHandshake.createSession(ProtocolHandshake.java:96)\r\n\tat org.openqa.selenium.remote.ProtocolHandshake.createSession(ProtocolHandshake.java:68)\r\n\tat org.openqa.selenium.remote.HttpCommandExecutor.execute(HttpCommandExecutor.java:163)\r\n\tat org.openqa.selenium.remote.service.DriverCommandExecutor.invokeExecute(DriverCommandExecutor.java:200)\r\n\tat org.openqa.selenium.remote.service.DriverCommandExecutor.execute(DriverCommandExecutor.java:175)\r\n\tat org.openqa.selenium.remote.RemoteWebDriver.execute(RemoteWebDriver.java:607)\r\n\tat org.openqa.selenium.remote.RemoteWebDriver.startSession(RemoteWebDriver.java:241)\r\n\tat org.openqa.selenium.remote.RemoteWebDriver.<init>(RemoteWebDriver.java:168)\r\n\tat org.openqa.selenium.chromium.ChromiumDriver.<init>(ChromiumDriver.java:108)\r\n\tat org.openqa.selenium.chrome.ChromeDriver.<init>(ChromeDriver.java:89)\r\n\tat org.openqa.selenium.chrome.ChromeDriver.<init>(ChromeDriver.java:84)\r\n\tat org.openqa.selenium.chrome.ChromeDriver.<init>(ChromeDriver.java:73)\r\n\tat utils.SeleniumUtils.initializeDriver(SeleniumUtils.java:58)\r\n\tat utils.SeleniumUtils.<init>(SeleniumUtils.java:31)\r\n\tat stepDefinitions.Buzz.setUp(Buzz.java:25)\r\n"},"stage":"finished","steps":[],"attachments":[],"parameters":[],"start":1735719632486,"stop":1735719632735},{"name":"stepDefinitions.ChangePasswordStepDefinition.setup(io.cucumber.java.Scenario)","status":"broken","statusDetails":{"known":false,"muted":false,"flaky":false,"message":"BEFORE is failed: Could not start a new session. Response code 500. Message: session not created: Chrome failed to start: was killed.\n  (session not created: DevToolsActivePort file doesn't exist)\n  (The process started from chrome location src/test/resources/driver/chromedriver.exe is no longer running, so ChromeDriver is assuming that Chrome has crashed.) \nHost info: host: 'DESKTOP-0PV7LGO', ip: '10.10.55.114'\nBuild info: version: '4.15.0', revision: '1d14b5521b'\nSystem info: os.name: 'Windows 10', os.arch: 'amd64', os.version: '10.0', java.version: '19.0.2'\nDriver info: org.openqa.selenium.chrome.ChromeDriver\nCommand: [null, newSession {capabilities=[Capabilities {browserName: chrome, goog:chromeOptions: {args: [--start-maximized], binary: src/test/resources/driver/c..., extensions: []}}]}]","trace":"org.openqa.selenium.SessionNotCreatedException: Could not start a new session. Response code 500. Message: session not created: Chrome failed to start: was killed.\n  (session not created: DevToolsActivePort file doesn't exist)\n  (The process started from chrome location src/test/resources/driver/chromedriver.exe is no longer running, so ChromeDriver is assuming that Chrome has crashed.) \nHost info: host: 'DESKTOP-0PV7LGO', ip: '10.10.55.114'\nBuild info: version: '4.15.0', revision: '1d14b5521b'\nSystem info: os.name: 'Windows 10', os.arch: 'amd64', os.version: '10.0', java.version: '19.0.2'\nDriver info: org.openqa.selenium.chrome.ChromeDriver\nCommand: [null, newSession {capabilities=[Capabilities {browserName: chrome, goog:chromeOptions: {args: [--start-maximized], binary: src/test/resources/driver/c..., extensions: []}}]}]\r\n\tat org.openqa.selenium.remote.ProtocolHandshake.createSession(ProtocolHandshake.java:140)\r\n\tat org.openqa.selenium.remote.ProtocolHandshake.createSession(ProtocolHandshake.java:96)\r\n\tat org.openqa.selenium.remote.ProtocolHandshake.createSession(ProtocolHandshake.java:68)\r\n\tat org.openqa.selenium.remote.HttpCommandExecutor.execute(HttpCommandExecutor.java:163)\r\n\tat org.openqa.selenium.remote.service.DriverCommandExecutor.invokeExecute(DriverCommandExecutor.java:200)\r\n\tat org.openqa.selenium.remote.service.DriverCommandExecutor.execute(DriverCommandExecutor.java:175)\r\n\tat org.openqa.selenium.remote.RemoteWebDriver.execute(RemoteWebDriver.java:607)\r\n\tat org.openqa.selenium.remote.RemoteWebDriver.startSession(RemoteWebDriver.java:241)\r\n\tat org.openqa.selenium.remote.RemoteWebDriver.<init>(RemoteWebDriver.java:168)\r\n\tat org.openqa.selenium.chromium.ChromiumDriver.<init>(ChromiumDriver.java:108)\r\n\tat org.openqa.selenium.chrome.ChromeDriver.<init>(ChromeDriver.java:89)\r\n\tat org.openqa.selenium.chrome.ChromeDriver.<init>(ChromeDriver.java:84)\r\n\tat org.openqa.selenium.chrome.ChromeDriver.<init>(ChromeDriver.java:73)\r\n\tat utils.SeleniumUtils.initializeDriver(SeleniumUtils.java:58)\r\n\tat utils.SeleniumUtils.<init>(SeleniumUtils.java:31)\r\n\tat stepDefinitions.ChangePasswordStepDefinition.setup(ChangePasswordStepDefinition.java:25)\r\n"},"stage":"finished","steps":[],"attachments":[],"parameters":[],"start":1735719632735,"stop":1735719632999},{"name":"stepDefinitions.LoginCheckStepDefinitions.setUp(io.cucumber.java.Scenario)","status":"broken","statusDetails":{"known":false,"muted":false,"flaky":false,"message":"BEFORE is failed: Could not start a new session. Response code 500. Message: session not created: Chrome failed to start: was killed.\n  (session not created: DevToolsActivePort file doesn't exist)\n  (The process started from chrome location src/test/resources/driver/chromedriver.exe is no longer running, so ChromeDriver is assuming that Chrome has crashed.) \nHost info: host: 'DESKTOP-0PV7LGO', ip: '10.10.55.114'\nBuild info: version: '4.15.0', revision: '1d14b5521b'\nSystem info: os.name: 'Windows 10', os.arch: 'amd64', os.version: '10.0', java.version: '19.0.2'\nDriver info: org.openqa.selenium.chrome.ChromeDriver\nCommand: [null, newSession {capabilities=[Capabilities {browserName: chrome, goog:chromeOptions: {args: [--start-maximized], binary: src/test/resources/driver/c..., extensions: []}}]}]","trace":"org.openqa.selenium.SessionNotCreatedException: Could not start a new session. Response code 500. Message: session not created: Chrome failed to start: was killed.\n  (session not created: DevToolsActivePort file doesn't exist)\n  (The process started from chrome location src/test/resources/driver/chromedriver.exe is no longer running, so ChromeDriver is assuming that Chrome has crashed.) \nHost info: host: 'DESKTOP-0PV7LGO', ip: '10.10.55.114'\nBuild info: version: '4.15.0', revision: '1d14b5521b'\nSystem info: os.name: 'Windows 10', os.arch: 'amd64', os.version: '10.0', java.version: '19.0.2'\nDriver info: org.openqa.selenium.chrome.ChromeDriver\nCommand: [null, newSession {capabilities=[Capabilities {browserName: chrome, goog:chromeOptions: {args: [--start-maximized], binary: src/test/resources/driver/c..., extensions: []}}]}]\r\n\tat org.openqa.selenium.remote.ProtocolHandshake.createSession(ProtocolHandshake.java:140)\r\n\tat org.openqa.selenium.remote.ProtocolHandshake.createSession(ProtocolHandshake.java:96)\r\n\tat org.openqa.selenium.remote.ProtocolHandshake.createSession(ProtocolHandshake.java:68)\r\n\tat org.openqa.selenium.remote.HttpCommandExecutor.execute(HttpCommandExecutor.java:163)\r\n\tat org.openqa.selenium.remote.service.DriverCommandExecutor.invokeExecute(DriverCommandExecutor.java:200)\r\n\tat org.openqa.selenium.remote.service.DriverCommandExecutor.execute(DriverCommandExecutor.java:175)\r\n\tat org.openqa.selenium.remote.RemoteWebDriver.execute(RemoteWebDriver.java:607)\r\n\tat org.openqa.selenium.remote.RemoteWebDriver.startSession(RemoteWebDriver.java:241)\r\n\tat org.openqa.selenium.remote.RemoteWebDriver.<init>(RemoteWebDriver.java:168)\r\n\tat org.openqa.selenium.chromium.ChromiumDriver.<init>(ChromiumDriver.java:108)\r\n\tat org.openqa.selenium.chrome.ChromeDriver.<init>(ChromeDriver.java:89)\r\n\tat org.openqa.selenium.chrome.ChromeDriver.<init>(ChromeDriver.java:84)\r\n\tat org.openqa.selenium.chrome.ChromeDriver.<init>(ChromeDriver.java:73)\r\n\tat utils.SeleniumUtils.initializeDriver(SeleniumUtils.java:58)\r\n\tat utils.SeleniumUtils.<init>(SeleniumUtils.java:31)\r\n\tat stepDefinitions.LoginCheckStepDefinitions.setUp(LoginCheckStepDefinitions.java:22)\r\n"},"stage":"finished","steps":[],"attachments":[],"parameters":[],"start":1735719632999,"stop":1735719633279},{"name":"stepDefinitions.LogoutStepDefinitions.setUp(io.cucumber.java.Scenario)","status":"broken","statusDetails":{"known":false,"muted":false,"flaky":false,"message":"BEFORE is failed: Could not start a new session. Response code 500. Message: session not created: Chrome failed to start: was killed.\n  (session not created: DevToolsActivePort file doesn't exist)\n  (The process started from chrome location src/test/resources/driver/chromedriver.exe is no longer running, so ChromeDriver is assuming that Chrome has crashed.) \nHost info: host: 'DESKTOP-0PV7LGO', ip: '10.10.55.114'\nBuild info: version: '4.15.0', revision: '1d14b5521b'\nSystem info: os.name: 'Windows 10', os.arch: 'amd64', os.version: '10.0', java.version: '19.0.2'\nDriver info: org.openqa.selenium.chrome.ChromeDriver\nCommand: [null, newSession {capabilities=[Capabilities {browserName: chrome, goog:chromeOptions: {args: [--start-maximized], binary: src/test/resources/driver/c..., extensions: []}}]}]","trace":"org.openqa.selenium.SessionNotCreatedException: Could not start a new session. Response code 500. Message: session not created: Chrome failed to start: was killed.\n  (session not created: DevToolsActivePort file doesn't exist)\n  (The process started from chrome location src/test/resources/driver/chromedriver.exe is no longer running, so ChromeDriver is assuming that Chrome has crashed.) \nHost info: host: 'DESKTOP-0PV7LGO', ip: '10.10.55.114'\nBuild info: version: '4.15.0', revision: '1d14b5521b'\nSystem info: os.name: 'Windows 10', os.arch: 'amd64', os.version: '10.0', java.version: '19.0.2'\nDriver info: org.openqa.selenium.chrome.ChromeDriver\nCommand: [null, newSession {capabilities=[Capabilities {browserName: chrome, goog:chromeOptions: {args: [--start-maximized], binary: src/test/resources/driver/c..., extensions: []}}]}]\r\n\tat org.openqa.selenium.remote.ProtocolHandshake.createSession(ProtocolHandshake.java:140)\r\n\tat org.openqa.selenium.remote.ProtocolHandshake.createSession(ProtocolHandshake.java:96)\r\n\tat org.openqa.selenium.remote.ProtocolHandshake.createSession(ProtocolHandshake.java:68)\r\n\tat org.openqa.selenium.remote.HttpCommandExecutor.execute(HttpCommandExecutor.java:163)\r\n\tat org.openqa.selenium.remote.service.DriverCommandExecutor.invokeExecute(DriverCommandExecutor.java:200)\r\n\tat org.openqa.selenium.remote.service.DriverCommandExecutor.execute(DriverCommandExecutor.java:175)\r\n\tat org.openqa.selenium.remote.RemoteWebDriver.execute(RemoteWebDriver.java:607)\r\n\tat org.openqa.selenium.remote.RemoteWebDriver.startSession(RemoteWebDriver.java:241)\r\n\tat org.openqa.selenium.remote.RemoteWebDriver.<init>(RemoteWebDriver.java:168)\r\n\tat org.openqa.selenium.chromium.ChromiumDriver.<init>(ChromiumDriver.java:108)\r\n\tat org.openqa.selenium.chrome.ChromeDriver.<init>(ChromeDriver.java:89)\r\n\tat org.openqa.selenium.chrome.ChromeDriver.<init>(ChromeDriver.java:84)\r\n\tat org.openqa.selenium.chrome.ChromeDriver.<init>(ChromeDriver.java:73)\r\n\tat utils.SeleniumUtils.initializeDriver(SeleniumUtils.java:58)\r\n\tat utils.SeleniumUtils.<init>(SeleniumUtils.java:31)\r\n\tat stepDefinitions.LogoutStepDefinitions.setUp(LogoutStepDefinitions.java:21)\r\n"},"stage":"finished","steps":[],"attachments":[],"parameters":[],"start":1735719633280,"stop":1735719633509},{"name":"stepDefinitions.MyInfo.setUp(io.cucumber.java.Scenario)","status":"broken","statusDetails":{"known":false,"muted":false,"flaky":false,"message":"BEFORE is failed: Could not start a new session. Response code 500. Message: session not created: Chrome failed to start: was killed.\n  (session not created: DevToolsActivePort file doesn't exist)\n  (The process started from chrome location src/test/resources/driver/chromedriver.exe is no longer running, so ChromeDriver is assuming that Chrome has crashed.) \nHost info: host: 'DESKTOP-0PV7LGO', ip: '10.10.55.114'\nBuild info: version: '4.15.0', revision: '1d14b5521b'\nSystem info: os.name: 'Windows 10', os.arch: 'amd64', os.version: '10.0', java.version: '19.0.2'\nDriver info: org.openqa.selenium.chrome.ChromeDriver\nCommand: [null, newSession {capabilities=[Capabilities {browserName: chrome, goog:chromeOptions: {args: [--start-maximized], binary: src/test/resources/driver/c..., extensions: []}}]}]","trace":"org.openqa.selenium.SessionNotCreatedException: Could not start a new session. Response code 500. Message: session not created: Chrome failed to start: was killed.\n  (session not created: DevToolsActivePort file doesn't exist)\n  (The process started from chrome location src/test/resources/driver/chromedriver.exe is no longer running, so ChromeDriver is assuming that Chrome has crashed.) \nHost info: host: 'DESKTOP-0PV7LGO', ip: '10.10.55.114'\nBuild info: version: '4.15.0', revision: '1d14b5521b'\nSystem info: os.name: 'Windows 10', os.arch: 'amd64', os.version: '10.0', java.version: '19.0.2'\nDriver info: org.openqa.selenium.chrome.ChromeDriver\nCommand: [null, newSession {capabilities=[Capabilities {browserName: chrome, goog:chromeOptions: {args: [--start-maximized], binary: src/test/resources/driver/c..., extensions: []}}]}]\r\n\tat org.openqa.selenium.remote.ProtocolHandshake.createSession(ProtocolHandshake.java:140)\r\n\tat org.openqa.selenium.remote.ProtocolHandshake.createSession(ProtocolHandshake.java:96)\r\n\tat org.openqa.selenium.remote.ProtocolHandshake.createSession(ProtocolHandshake.java:68)\r\n\tat org.openqa.selenium.remote.HttpCommandExecutor.execute(HttpCommandExecutor.java:163)\r\n\tat org.openqa.selenium.remote.service.DriverCommandExecutor.invokeExecute(DriverCommandExecutor.java:200)\r\n\tat org.openqa.selenium.remote.service.DriverCommandExecutor.execute(DriverCommandExecutor.java:175)\r\n\tat org.openqa.selenium.remote.RemoteWebDriver.execute(RemoteWebDriver.java:607)\r\n\tat org.openqa.selenium.remote.RemoteWebDriver.startSession(RemoteWebDriver.java:241)\r\n\tat org.openqa.selenium.remote.RemoteWebDriver.<init>(RemoteWebDriver.java:168)\r\n\tat org.openqa.selenium.chromium.ChromiumDriver.<init>(ChromiumDriver.java:108)\r\n\tat org.openqa.selenium.chrome.ChromeDriver.<init>(ChromeDriver.java:89)\r\n\tat org.openqa.selenium.chrome.ChromeDriver.<init>(ChromeDriver.java:84)\r\n\tat org.openqa.selenium.chrome.ChromeDriver.<init>(ChromeDriver.java:73)\r\n\tat utils.SeleniumUtils.initializeDriver(SeleniumUtils.java:58)\r\n\tat utils.SeleniumUtils.<init>(SeleniumUtils.java:31)\r\n\tat stepDefinitions.MyInfo.setUp(MyInfo.java:24)\r\n"},"stage":"finished","steps":[],"attachments":[],"parameters":[],"start":1735719633509,"stop":1735719633745},{"name":"stepDefinitions.SaveHoliday.setup(io.cucumber.java.Scenario)","status":"broken","statusDetails":{"known":false,"muted":false,"flaky":false,"message":"BEFORE is failed: Input must be set","trace":"java.lang.IllegalArgumentException: Input must be set\r\n\tat org.openqa.selenium.internal.Require.nonNull(Require.java:60)\r\n\tat org.openqa.selenium.support.ui.FluentWait.<init>(FluentWait.java:93)\r\n\tat org.openqa.selenium.support.ui.WebDriverWait.<init>(WebDriverWait.java:74)\r\n\tat org.openqa.selenium.support.ui.WebDriverWait.<init>(WebDriverWait.java:43)\r\n\tat stepDefinitions.SaveHoliday.setup(SaveHoliday.java:30)\r\n"},"stage":"finished","steps":[],"attachments":[],"parameters":[],"start":1735719633746,"stop":1735719633748},{"name":"stepDefinitions.SearchReportStepDefinitions.setUp(io.cucumber.java.Scenario)","status":"broken","statusDetails":{"known":false,"muted":false,"flaky":false,"message":"BEFORE is failed: Could not start a new session. Response code 500. Message: session not created: Chrome failed to start: was killed.\n  (session not created: DevToolsActivePort file doesn't exist)\n  (The process started from chrome location src/test/resources/driver/chromedriver.exe is no longer running, so ChromeDriver is assuming that Chrome has crashed.) \nHost info: host: 'DESKTOP-0PV7LGO', ip: '10.10.55.114'\nBuild info: version: '4.15.0', revision: '1d14b5521b'\nSystem info: os.name: 'Windows 10', os.arch: 'amd64', os.version: '10.0', java.version: '19.0.2'\nDriver info: org.openqa.selenium.chrome.ChromeDriver\nCommand: [null, newSession {capabilities=[Capabilities {browserName: chrome, goog:chromeOptions: {args: [--start-maximized], binary: src/test/resources/driver/c..., extensions: []}}]}]","trace":"org.openqa.selenium.SessionNotCreatedException: Could not start a new session. Response code 500. Message: session not created: Chrome failed to start: was killed.\n  (session not created: DevToolsActivePort file doesn't exist)\n  (The process started from chrome location src/test/resources/driver/chromedriver.exe is no longer running, so ChromeDriver is assuming that Chrome has crashed.) \nHost info: host: 'DESKTOP-0PV7LGO', ip: '10.10.55.114'\nBuild info: version: '4.15.0', revision: '1d14b5521b'\nSystem info: os.name: 'Windows 10', os.arch: 'amd64', os.version: '10.0', java.version: '19.0.2'\nDriver info: org.openqa.selenium.chrome.ChromeDriver\nCommand: [null, newSession {capabilities=[Capabilities {browserName: chrome, goog:chromeOptions: {args: [--start-maximized], binary: src/test/resources/driver/c..., extensions: []}}]}]\r\n\tat org.openqa.selenium.remote.ProtocolHandshake.createSession(ProtocolHandshake.java:140)\r\n\tat org.openqa.selenium.remote.ProtocolHandshake.createSession(ProtocolHandshake.java:96)\r\n\tat org.openqa.selenium.remote.ProtocolHandshake.createSession(ProtocolHandshake.java:68)\r\n\tat org.openqa.selenium.remote.HttpCommandExecutor.execute(HttpCommandExecutor.java:163)\r\n\tat org.openqa.selenium.remote.service.DriverCommandExecutor.invokeExecute(DriverCommandExecutor.java:200)\r\n\tat org.openqa.selenium.remote.service.DriverCommandExecutor.execute(DriverCommandExecutor.java:175)\r\n\tat org.openqa.selenium.remote.RemoteWebDriver.execute(RemoteWebDriver.java:607)\r\n\tat org.openqa.selenium.remote.RemoteWebDriver.startSession(RemoteWebDriver.java:241)\r\n\tat org.openqa.selenium.remote.RemoteWebDriver.<init>(RemoteWebDriver.java:168)\r\n\tat org.openqa.selenium.chromium.ChromiumDriver.<init>(ChromiumDriver.java:108)\r\n\tat org.openqa.selenium.chrome.ChromeDriver.<init>(ChromeDriver.java:89)\r\n\tat org.openqa.selenium.chrome.ChromeDriver.<init>(ChromeDriver.java:84)\r\n\tat org.openqa.selenium.chrome.ChromeDriver.<init>(ChromeDriver.java:73)\r\n\tat utils.SeleniumUtils.initializeDriver(SeleniumUtils.java:58)\r\n\tat utils.SeleniumUtils.<init>(SeleniumUtils.java:31)\r\n\tat stepDefinitions.SearchReportStepDefinitions.setUp(SearchReportStepDefinitions.java:22)\r\n"},"stage":"finished","steps":[],"attachments":[],"parameters":[],"start":1735719633748,"stop":1735719633930},{"name":"stepDefinitions.SocialLoginURLCheck.setUp(io.cucumber.java.Scenario)","status":"broken","statusDetails":{"known":false,"muted":false,"flaky":false,"message":"BEFORE is failed: Could not start a new session. Response code 500. Message: session not created: Chrome failed to start: was killed.\n  (session not created: DevToolsActivePort file doesn't exist)\n  (The process started from chrome location src/test/resources/driver/chromedriver.exe is no longer running, so ChromeDriver is assuming that Chrome has crashed.) \nHost info: host: 'DESKTOP-0PV7LGO', ip: '10.10.55.114'\nBuild info: version: '4.15.0', revision: '1d14b5521b'\nSystem info: os.name: 'Windows 10', os.arch: 'amd64', os.version: '10.0', java.version: '19.0.2'\nDriver info: org.openqa.selenium.chrome.ChromeDriver\nCommand: [null, newSession {capabilities=[Capabilities {browserName: chrome, goog:chromeOptions: {args: [--start-maximized], binary: src/test/resources/driver/c..., extensions: []}}]}]","trace":"org.openqa.selenium.SessionNotCreatedException: Could not start a new session. Response code 500. Message: session not created: Chrome failed to start: was killed.\n  (session not created: DevToolsActivePort file doesn't exist)\n  (The process started from chrome location src/test/resources/driver/chromedriver.exe is no longer running, so ChromeDriver is assuming that Chrome has crashed.) \nHost info: host: 'DESKTOP-0PV7LGO', ip: '10.10.55.114'\nBuild info: version: '4.15.0', revision: '1d14b5521b'\nSystem info: os.name: 'Windows 10', os.arch: 'amd64', os.version: '10.0', java.version: '19.0.2'\nDriver info: org.openqa.selenium.chrome.ChromeDriver\nCommand: [null, newSession {capabilities=[Capabilities {browserName: chrome, goog:chromeOptions: {args: [--start-maximized], binary: src/test/resources/driver/c..., extensions: []}}]}]\r\n\tat org.openqa.selenium.remote.ProtocolHandshake.createSession(ProtocolHandshake.java:140)\r\n\tat org.openqa.selenium.remote.ProtocolHandshake.createSession(ProtocolHandshake.java:96)\r\n\tat org.openqa.selenium.remote.ProtocolHandshake.createSession(ProtocolHandshake.java:68)\r\n\tat org.openqa.selenium.remote.HttpCommandExecutor.execute(HttpCommandExecutor.java:163)\r\n\tat org.openqa.selenium.remote.service.DriverCommandExecutor.invokeExecute(DriverCommandExecutor.java:200)\r\n\tat org.openqa.selenium.remote.service.DriverCommandExecutor.execute(DriverCommandExecutor.java:175)\r\n\tat org.openqa.selenium.remote.RemoteWebDriver.execute(RemoteWebDriver.java:607)\r\n\tat org.openqa.selenium.remote.RemoteWebDriver.startSession(RemoteWebDriver.java:241)\r\n\tat org.openqa.selenium.remote.RemoteWebDriver.<init>(RemoteWebDriver.java:168)\r\n\tat org.openqa.selenium.chromium.ChromiumDriver.<init>(ChromiumDriver.java:108)\r\n\tat org.openqa.selenium.chrome.ChromeDriver.<init>(ChromeDriver.java:89)\r\n\tat org.openqa.selenium.chrome.ChromeDriver.<init>(ChromeDriver.java:84)\r\n\tat org.openqa.selenium.chrome.ChromeDriver.<init>(ChromeDriver.java:73)\r\n\tat utils.SeleniumUtils.initializeDriver(SeleniumUtils.java:58)\r\n\tat utils.SeleniumUtils.<init>(SeleniumUtils.java:31)\r\n\tat stepDefinitions.SocialLoginURLCheck.setUp(SocialLoginURLCheck.java:32)\r\n"},"stage":"finished","steps":[],"attachments":[],"parameters":[],"start":1735719633930,"stop":1735719634163},{"name":"stepDefinitions.VacancySteps.setUp(io.cucumber.java.Scenario)","status":"broken","statusDetails":{"known":false,"muted":false,"flaky":false,"message":"BEFORE is failed: Could not start a new session. Response code 500. Message: session not created: Chrome failed to start: was killed.\n  (session not created: DevToolsActivePort file doesn't exist)\n  (The process started from chrome location src/test/resources/driver/chromedriver.exe is no longer running, so ChromeDriver is assuming that Chrome has crashed.) \nHost info: host: 'DESKTOP-0PV7LGO', ip: '10.10.55.114'\nBuild info: version: '4.15.0', revision: '1d14b5521b'\nSystem info: os.name: 'Windows 10', os.arch: 'amd64', os.version: '10.0', java.version: '19.0.2'\nDriver info: org.openqa.selenium.chrome.ChromeDriver\nCommand: [null, newSession {capabilities=[Capabilities {browserName: chrome, goog:chromeOptions: {args: [--start-maximized], binary: src/test/resources/driver/c..., extensions: []}}]}]","trace":"org.openqa.selenium.SessionNotCreatedException: Could not start a new session. Response code 500. Message: session not created: Chrome failed to start: was killed.\n  (session not created: DevToolsActivePort file doesn't exist)\n  (The process started from chrome location src/test/resources/driver/chromedriver.exe is no longer running, so ChromeDriver is assuming that Chrome has crashed.) \nHost info: host: 'DESKTOP-0PV7LGO', ip: '10.10.55.114'\nBuild info: version: '4.15.0', revision: '1d14b5521b'\nSystem info: os.name: 'Windows 10', os.arch: 'amd64', os.version: '10.0', java.version: '19.0.2'\nDriver info: org.openqa.selenium.chrome.ChromeDriver\nCommand: [null, newSession {capabilities=[Capabilities {browserName: chrome, goog:chromeOptions: {args: [--start-maximized], binary: src/test/resources/driver/c..., extensions: []}}]}]\r\n\tat org.openqa.selenium.remote.ProtocolHandshake.createSession(ProtocolHandshake.java:140)\r\n\tat org.openqa.selenium.remote.ProtocolHandshake.createSession(ProtocolHandshake.java:96)\r\n\tat org.openqa.selenium.remote.ProtocolHandshake.createSession(ProtocolHandshake.java:68)\r\n\tat org.openqa.selenium.remote.HttpCommandExecutor.execute(HttpCommandExecutor.java:163)\r\n\tat org.openqa.selenium.remote.service.DriverCommandExecutor.invokeExecute(DriverCommandExecutor.java:200)\r\n\tat org.openqa.selenium.remote.service.DriverCommandExecutor.execute(DriverCommandExecutor.java:175)\r\n\tat org.openqa.selenium.remote.RemoteWebDriver.execute(RemoteWebDriver.java:607)\r\n\tat org.openqa.selenium.remote.RemoteWebDriver.startSession(RemoteWebDriver.java:241)\r\n\tat org.openqa.selenium.remote.RemoteWebDriver.<init>(RemoteWebDriver.java:168)\r\n\tat org.openqa.selenium.chromium.ChromiumDriver.<init>(ChromiumDriver.java:108)\r\n\tat org.openqa.selenium.chrome.ChromeDriver.<init>(ChromeDriver.java:89)\r\n\tat org.openqa.selenium.chrome.ChromeDriver.<init>(ChromeDriver.java:84)\r\n\tat org.openqa.selenium.chrome.ChromeDriver.<init>(ChromeDriver.java:73)\r\n\tat utils.SeleniumUtils.initializeDriver(SeleniumUtils.java:58)\r\n\tat utils.SeleniumUtils.<init>(SeleniumUtils.java:31)\r\n\tat stepDefinitions.VacancySteps.setUp(VacancySteps.java:23)\r\n"},"stage":"finished","steps":[],"attachments":[],"parameters":[],"start":1735719634164,"stop":1735719634413}],"afters":[{"name":"stepDefinitions.SocialLoginURLCheck.tearDown()","status":"broken","statusDetails":{"known":false,"muted":false,"flaky":false,"message":"AFTER is failed: Cannot invoke \"utils.SeleniumUtils.captureScreenshot(String)\" because \"this.seleniumUtils\" is null","trace":"java.lang.NullPointerException: Cannot invoke \"utils.SeleniumUtils.captureScreenshot(String)\" because \"this.seleniumUtils\" is null\r\n\tat stepDefinitions.SocialLoginURLCheck.tearDown(SocialLoginURLCheck.java:39)\r\n"},"stage":"finished","steps":[],"attachments":[],"parameters":[],"start":1735719634438,"stop":1735719634441},{"name":"stepDefinitions.LogoutStepDefinitions.tearDown()","status":"broken","statusDetails":{"known":false,"muted":false,"flaky":false,"message":"AFTER is failed: Cannot invoke \"utils.SeleniumUtils.captureScreenshot(String)\" because \"this.seleniumUtils\" is null","trace":"java.lang.NullPointerException: Cannot invoke \"utils.SeleniumUtils.captureScreenshot(String)\" because \"this.seleniumUtils\" is null\r\n\tat stepDefinitions.LogoutStepDefinitions.tearDown(LogoutStepDefinitions.java:108)\r\n"},"stage":"finished","steps":[],"attachments":[],"parameters":[],"start":1735719634442,"stop":1735719634445},{"name":"stepDefinitions.LoginCheckStepDefinitions.tearDown()","status":"broken","statusDetails":{"known":false,"muted":false,"flaky":false,"message":"AFTER is failed: Cannot invoke \"utils.SeleniumUtils.captureScreenshot(String)\" because \"this.seleniumUtils\" is null","trace":"java.lang.NullPointerException: Cannot invoke \"utils.SeleniumUtils.captureScreenshot(String)\" because \"this.seleniumUtils\" is null\r\n\tat stepDefinitions.LoginCheckStepDefinitions.tearDown(LoginCheckStepDefinitions.java:89)\r\n"},"stage":"finished","steps":[],"attachments":[],"parameters":[],"start":1735719634446,"stop":1735719634448},{"name":"stepDefinitions.AdminCreateEmployee.tearDown()","status":"broken","statusDetails":{"known":false,"muted":false,"flaky":false,"message":"AFTER is failed: Cannot invoke \"utils.SeleniumUtils.navigateTo(String)\" because \"this.seleniumUtils\" is null","trace":"java.lang.NullPointerException: Cannot invoke \"utils.SeleniumUtils.navigateTo(String)\" because \"this.seleniumUtils\" is null\r\n\tat stepDefinitions.AdminCreateEmployee.tearDown(AdminCreateEmployee.java:427)\r\n"},"stage":"finished","steps":[],"attachments":[],"parameters":[],"start":1735719634449,"stop":1735719634451}],"start":1735719632231,"stop":1735719634452}