{"uuid":"55a4625b-db92-459d-8545-45cc1a272723","historyId":"3b6127074f8136841673b49307f44da7","fullName":"src/test/resources/features/2login.feature:14","labels":[{"name":"tag","value":"Login"},{"name":"host","value":"DESKTOP-7KO0I2O"},{"name":"thread","value":"15944@DESKTOP-7KO0I2O.main(1)"},{"name":"feature","value":"OrangeHRM Login Functionality"},{"name":"story","value":"Login to OrangeHRM"},{"name":"suite","value":"OrangeHRM Login Functionality"},{"name":"testClass","value":"Login to OrangeHRM"},{"name":"framework","value":"cucumber4jvm"},{"name":"language","value":"java"},{"name":"gherkin_uri","value":"file:///C:/Users/User/Desktop/ITQA-UI-Testing-Grp33-Selenium-Cucumber-TestNG/src/test/resources/features/2login.feature"},{"name":"package","value":"src.test.resources.features.2login_feature.OrangeHRM Login Functionality"}],"links":[],"name":"Login to OrangeHRM","status":"failed","statusDetails":{"known":false,"muted":false,"flaky":false,"message":"Unexpected result: Password is wrong","trace":"java.lang.AssertionError: Unexpected result: Password is wrong\r\n\tat stepDefinitions.LoginCheckStepDefinitions.userSeesResult(LoginCheckStepDefinitions.java:76)\r\n\tat ✽.User sees \"Password is wrong\"(file:///C:/Users/User/Desktop/ITQA-UI-Testing-Grp33-Selenium-Cucumber-TestNG/src/test/resources/features/2login.feature:9)\r\n"},"stage":"finished","steps":[{"name":"Given  User is on OrangeHRM login page","status":"passed","statusDetails":{"known":false,"muted":false,"flaky":false},"stage":"finished","steps":[],"attachments":[{"name":"LoginPage","source":"349103b0-4f91-4713-9fdc-993df3d786a9-attachment","type":"image/png"}],"parameters":[],"start":1735798585326,"stop":1735798588198},{"name":"When  User enters username \"Admin\"","status":"passed","statusDetails":{"known":false,"muted":false,"flaky":false},"stage":"finished","steps":[],"attachments":[{"name":"EnterUsername","source":"7fb8103b-7c57-4462-aece-5b4e944b2466-attachment","type":"image/png"}],"parameters":[],"start":1735798588199,"stop":1735798589594},{"name":"And  User enters password \"wrongUser\"","status":"passed","statusDetails":{"known":false,"muted":false,"flaky":false},"stage":"finished","steps":[],"attachments":[{"name":"InvalidPassword","source":"3115127f-8b2f-4109-adeb-ac892b3fb85c-attachment","type":"image/png"},{"name":"EnterPassword","source":"b836bb9f-2fc1-43ec-8a55-5077d9e7870d-attachment","type":"image/png"}],"parameters":[],"start":1735798589594,"stop":1735798591256},{"name":"And  User clicks login button","status":"passed","statusDetails":{"known":false,"muted":false,"flaky":false},"stage":"finished","steps":[],"attachments":[{"name":"LoginButton","source":"69e17018-27d5-4123-b3e2-87afe2d4db19-attachment","type":"image/png"}],"parameters":[],"start":1735798591257,"stop":1735798594683},{"name":"Then  User sees \"Password is wrong\"","status":"failed","statusDetails":{"known":false,"muted":false,"flaky":false,"message":"Unexpected result: Password is wrong","trace":"java.lang.AssertionError: Unexpected result: Password is wrong\r\n\tat stepDefinitions.LoginCheckStepDefinitions.userSeesResult(LoginCheckStepDefinitions.java:76)\r\n\tat ✽.User sees \"Password is wrong\"(file:///C:/Users/User/Desktop/ITQA-UI-Testing-Grp33-Selenium-Cucumber-TestNG/src/test/resources/features/2login.feature:9)\r\n"},"stage":"finished","steps":[],"attachments":[],"parameters":[],"start":1735798594683,"stop":1735798594685}],"attachments":[],"parameters":[{"name":"username","value":"Admin"},{"name":"password","value":"wrongUser"},{"name":"expectedResult","value":"Password is wrong"}],"start":1735798585317,"stop":1735798597058}