{"uuid":"5f34f275-aefd-403f-8dfd-7b9cda6ce55c","historyId":"148a492f8070460c86c2afc3cbf6e4e3","fullName":"src/test/resources/features/2login.feature:13","labels":[{"name":"tag","value":"Login"},{"name":"host","value":"DESKTOP-0PV7LGO"},{"name":"thread","value":"11056@DESKTOP-0PV7LGO.main(1)"},{"name":"feature","value":"OrangeHRM Login Functionality"},{"name":"story","value":"Login to OrangeHRM"},{"name":"suite","value":"OrangeHRM Login Functionality"},{"name":"testClass","value":"Login to OrangeHRM"},{"name":"framework","value":"cucumber4jvm"},{"name":"language","value":"java"},{"name":"gherkin_uri","value":"file:///C:/Users/User/Documents/ITQA/ITQA-UI-Testing-Grp33-Selenium-Cucumber-TestNG/src/test/resources/features/2login.feature"},{"name":"package","value":"src.test.resources.features.2login_feature.OrangeHRM Login Functionality"}],"links":[],"name":"Login to OrangeHRM","status":"failed","statusDetails":{"known":false,"muted":false,"flaky":false,"message":"Unexpected result: User name is wrong","trace":"java.lang.AssertionError: Unexpected result: User name is wrong\r\n\tat stepDefinitions.LoginCheckStepDefinitions.userSeesResult(LoginCheckStepDefinitions.java:76)\r\n\tat ✽.User sees \"User name is wrong\"(file:///C:/Users/User/Documents/ITQA/ITQA-UI-Testing-Grp33-Selenium-Cucumber-TestNG/src/test/resources/features/2login.feature:9)\r\n"},"stage":"finished","steps":[{"name":"Given  User is on OrangeHRM login page","status":"passed","statusDetails":{"known":false,"muted":false,"flaky":false},"stage":"finished","steps":[],"attachments":[{"name":"LoginPage","source":"9428d4e3-725d-4c13-96d2-b14fcd92bf13-attachment","type":"image/png"}],"parameters":[],"start":1735720074457,"stop":1735720080057},{"name":"When  User enters username \"invaliduser\"","status":"passed","statusDetails":{"known":false,"muted":false,"flaky":false},"stage":"finished","steps":[],"attachments":[{"name":"EnterUsername","source":"e223103c-1aed-4ee2-be48-cc3f3b42e5b7-attachment","type":"image/png"}],"parameters":[],"start":1735720080058,"stop":1735720081498},{"name":"And  User enters password \"admin123\"","status":"passed","statusDetails":{"known":false,"muted":false,"flaky":false},"stage":"finished","steps":[],"attachments":[{"name":"InvalidPassword","source":"7a0d5ccd-8daf-4dcf-ab42-071f9b37f931-attachment","type":"image/png"},{"name":"EnterPassword","source":"eca5c2c5-f588-4f50-971c-2161ad7c8ffc-attachment","type":"image/png"}],"parameters":[],"start":1735720081499,"stop":1735720083252},{"name":"And  User clicks login button","status":"passed","statusDetails":{"known":false,"muted":false,"flaky":false},"stage":"finished","steps":[],"attachments":[{"name":"LoginButton","source":"86cd6e0f-041d-498e-b3b6-3623d2ce4cd6-attachment","type":"image/png"}],"parameters":[],"start":1735720083253,"stop":1735720085667},{"name":"Then  User sees \"User name is wrong\"","status":"failed","statusDetails":{"known":false,"muted":false,"flaky":false,"message":"Unexpected result: User name is wrong","trace":"java.lang.AssertionError: Unexpected result: User name is wrong\r\n\tat stepDefinitions.LoginCheckStepDefinitions.userSeesResult(LoginCheckStepDefinitions.java:76)\r\n\tat ✽.User sees \"User name is wrong\"(file:///C:/Users/User/Documents/ITQA/ITQA-UI-Testing-Grp33-Selenium-Cucumber-TestNG/src/test/resources/features/2login.feature:9)\r\n"},"stage":"finished","steps":[],"attachments":[],"parameters":[],"start":1735720085667,"stop":1735720085676}],"attachments":[],"parameters":[{"name":"username","value":"invaliduser"},{"name":"password","value":"admin123"},{"name":"expectedResult","value":"User name is wrong"}],"start":1735720072671,"stop":1735720087661}