{"uuid":"6b09570b-c553-4b50-9fb4-3efc3525bf84","historyId":"148a492f8070460c86c2afc3cbf6e4e3","fullName":"src/test/resources/features/2login.feature:13","labels":[{"name":"tag","value":"Login"},{"name":"host","value":"DESKTOP-7KO0I2O"},{"name":"thread","value":"17316@DESKTOP-7KO0I2O.main(1)"},{"name":"feature","value":"OrangeHRM Login Functionality"},{"name":"story","value":"Login to OrangeHRM"},{"name":"suite","value":"OrangeHRM Login Functionality"},{"name":"testClass","value":"Login to OrangeHRM"},{"name":"framework","value":"cucumber4jvm"},{"name":"language","value":"java"},{"name":"gherkin_uri","value":"file:///C:/Users/User/Desktop/ITQA-UI-Testing-Grp33-Selenium-Cucumber-TestNG/src/test/resources/features/2login.feature"},{"name":"package","value":"src.test.resources.features.2login_feature.OrangeHRM Login Functionality"}],"links":[],"name":"Login to OrangeHRM","status":"failed","statusDetails":{"known":false,"muted":false,"flaky":false,"message":"Unexpected result: User name is wrong","trace":"java.lang.AssertionError: Unexpected result: User name is wrong\r\n\tat stepDefinitions.LoginCheckStepDefinitions.userSeesResult(LoginCheckStepDefinitions.java:76)\r\n\tat ✽.User sees \"User name is wrong\"(file:///C:/Users/User/Desktop/ITQA-UI-Testing-Grp33-Selenium-Cucumber-TestNG/src/test/resources/features/2login.feature:9)\r\n"},"stage":"finished","steps":[{"name":"Given  User is on OrangeHRM login page","status":"passed","statusDetails":{"known":false,"muted":false,"flaky":false},"stage":"finished","steps":[],"attachments":[{"name":"LoginPage","source":"42e3f6fa-3c52-4b6c-a58e-e6e423f6e886-attachment","type":"image/png"}],"parameters":[],"start":1735800417555,"stop":1735800423243},{"name":"When  User enters username \"invaliduser\"","status":"passed","statusDetails":{"known":false,"muted":false,"flaky":false},"stage":"finished","steps":[],"attachments":[{"name":"EnterUsername","source":"017955a0-1b4a-460c-8f7f-574a8842b939-attachment","type":"image/png"}],"parameters":[],"start":1735800423244,"stop":1735800425047},{"name":"And  User enters password \"admin123\"","status":"passed","statusDetails":{"known":false,"muted":false,"flaky":false},"stage":"finished","steps":[],"attachments":[{"name":"InvalidPassword","source":"211997b6-baaa-4c11-a954-d23be677ccc3-attachment","type":"image/png"},{"name":"EnterPassword","source":"11d2eb18-877a-41c9-9341-9b0fe5237e68-attachment","type":"image/png"}],"parameters":[],"start":1735800425048,"stop":1735800427044},{"name":"And  User clicks login button","status":"passed","statusDetails":{"known":false,"muted":false,"flaky":false},"stage":"finished","steps":[],"attachments":[{"name":"LoginButton","source":"97713e7a-90e5-49a7-aae5-658e622903b7-attachment","type":"image/png"}],"parameters":[],"start":1735800427044,"stop":1735800431361},{"name":"Then  User sees \"User name is wrong\"","status":"failed","statusDetails":{"known":false,"muted":false,"flaky":false,"message":"Unexpected result: User name is wrong","trace":"java.lang.AssertionError: Unexpected result: User name is wrong\r\n\tat stepDefinitions.LoginCheckStepDefinitions.userSeesResult(LoginCheckStepDefinitions.java:76)\r\n\tat ✽.User sees \"User name is wrong\"(file:///C:/Users/User/Desktop/ITQA-UI-Testing-Grp33-Selenium-Cucumber-TestNG/src/test/resources/features/2login.feature:9)\r\n"},"stage":"finished","steps":[],"attachments":[],"parameters":[],"start":1735800431362,"stop":1735800431395}],"attachments":[],"parameters":[{"name":"username","value":"invaliduser"},{"name":"password","value":"admin123"},{"name":"expectedResult","value":"User name is wrong"}],"start":1735800414137,"stop":1735800434642}