{"uuid":"88d37b11-ddeb-4c5f-bb18-ea8a2a137640","historyId":"3b6127074f8136841673b49307f44da7","fullName":"src/test/resources/features/2login.feature:14","labels":[{"name":"tag","value":"Login"},{"name":"host","value":"DESKTOP-7KO0I2O"},{"name":"thread","value":"20352@DESKTOP-7KO0I2O.main(1)"},{"name":"feature","value":"OrangeHRM Login Functionality"},{"name":"story","value":"Login to OrangeHRM"},{"name":"suite","value":"OrangeHRM Login Functionality"},{"name":"testClass","value":"Login to OrangeHRM"},{"name":"framework","value":"cucumber4jvm"},{"name":"language","value":"java"},{"name":"gherkin_uri","value":"file:///C:/Users/User/Desktop/ITQA-UI-Testing-Grp33-Selenium-Cucumber-TestNG/src/test/resources/features/2login.feature"},{"name":"package","value":"src.test.resources.features.2login_feature.OrangeHRM Login Functionality"}],"links":[],"name":"Login to OrangeHRM","status":"failed","statusDetails":{"known":false,"muted":false,"flaky":false,"message":"Unexpected result: Password is wrong","trace":"java.lang.AssertionError: Unexpected result: Password is wrong\r\n\tat stepDefinitions.LoginCheckStepDefinitions.userSeesResult(LoginCheckStepDefinitions.java:76)\r\n\tat ✽.User sees \"Password is wrong\"(file:///C:/Users/User/Desktop/ITQA-UI-Testing-Grp33-Selenium-Cucumber-TestNG/src/test/resources/features/2login.feature:9)\r\n"},"stage":"finished","steps":[{"name":"Given  User is on OrangeHRM login page","status":"passed","statusDetails":{"known":false,"muted":false,"flaky":false},"stage":"finished","steps":[],"attachments":[{"name":"LoginPage","source":"38cb2f11-3230-437e-af37-94fe1812a9a5-attachment","type":"image/png"}],"parameters":[],"start":1735801692078,"stop":1735801694827},{"name":"When  User enters username \"Admin\"","status":"passed","statusDetails":{"known":false,"muted":false,"flaky":false},"stage":"finished","steps":[],"attachments":[{"name":"EnterUsername","source":"031d8920-7a4e-493e-8106-739bb26fdf45-attachment","type":"image/png"}],"parameters":[],"start":1735801694828,"stop":1735801696193},{"name":"And  User enters password \"wrongUser\"","status":"passed","statusDetails":{"known":false,"muted":false,"flaky":false},"stage":"finished","steps":[],"attachments":[{"name":"InvalidPassword","source":"5cc00aa2-9058-4d1c-ba0f-318a06f49a70-attachment","type":"image/png"},{"name":"EnterPassword","source":"8141a5c2-5af1-452d-9324-da4072a8653f-attachment","type":"image/png"}],"parameters":[],"start":1735801696193,"stop":1735801697842},{"name":"And  User clicks login button","status":"passed","statusDetails":{"known":false,"muted":false,"flaky":false},"stage":"finished","steps":[],"attachments":[{"name":"LoginButton","source":"03100bf8-ff80-4f20-8536-074bb9e911e9-attachment","type":"image/png"}],"parameters":[],"start":1735801697842,"stop":1735801701264},{"name":"Then  User sees \"Password is wrong\"","status":"failed","statusDetails":{"known":false,"muted":false,"flaky":false,"message":"Unexpected result: Password is wrong","trace":"java.lang.AssertionError: Unexpected result: Password is wrong\r\n\tat stepDefinitions.LoginCheckStepDefinitions.userSeesResult(LoginCheckStepDefinitions.java:76)\r\n\tat ✽.User sees \"Password is wrong\"(file:///C:/Users/User/Desktop/ITQA-UI-Testing-Grp33-Selenium-Cucumber-TestNG/src/test/resources/features/2login.feature:9)\r\n"},"stage":"finished","steps":[],"attachments":[],"parameters":[],"start":1735801701264,"stop":1735801701266}],"attachments":[],"parameters":[{"name":"username","value":"Admin"},{"name":"password","value":"wrongUser"},{"name":"expectedResult","value":"Password is wrong"}],"start":1735801692071,"stop":1735801703367}