{"uuid":"977a8dcc-9d92-4940-a98f-39e22a9cadfc","historyId":"3b6127074f8136841673b49307f44da7","fullName":"src/test/resources/features/2login.feature:14","labels":[{"name":"tag","value":"Login"},{"name":"host","value":"DESKTOP-7KO0I2O"},{"name":"thread","value":"16396@DESKTOP-7KO0I2O.main(1)"},{"name":"feature","value":"OrangeHRM Login Functionality"},{"name":"story","value":"Login to OrangeHRM"},{"name":"suite","value":"OrangeHRM Login Functionality"},{"name":"testClass","value":"Login to OrangeHRM"},{"name":"framework","value":"cucumber4jvm"},{"name":"language","value":"java"},{"name":"gherkin_uri","value":"file:///C:/Users/User/Desktop/ITQA-UI-Testing-Grp33-Selenium-Cucumber-TestNG/src/test/resources/features/2login.feature"},{"name":"package","value":"src.test.resources.features.2login_feature.OrangeHRM Login Functionality"}],"links":[],"name":"Login to OrangeHRM","status":"failed","statusDetails":{"known":false,"muted":false,"flaky":false,"message":"Unexpected result: Password is wrong","trace":"java.lang.AssertionError: Unexpected result: Password is wrong\r\n\tat stepDefinitions.LoginCheckStepDefinitions.userSeesResult(LoginCheckStepDefinitions.java:76)\r\n\tat ✽.User sees \"Password is wrong\"(file:///C:/Users/User/Desktop/ITQA-UI-Testing-Grp33-Selenium-Cucumber-TestNG/src/test/resources/features/2login.feature:9)\r\n"},"stage":"finished","steps":[{"name":"Given  User is on OrangeHRM login page","status":"passed","statusDetails":{"known":false,"muted":false,"flaky":false},"stage":"finished","steps":[],"attachments":[{"name":"LoginPage","source":"a43c6faf-dd10-4133-b69a-6faf8bd43a28-attachment","type":"image/png"}],"parameters":[],"start":1735800799279,"stop":1735800801983},{"name":"When  User enters username \"Admin\"","status":"passed","statusDetails":{"known":false,"muted":false,"flaky":false},"stage":"finished","steps":[],"attachments":[{"name":"EnterUsername","source":"f0604985-017e-44ba-a767-1e9239d22539-attachment","type":"image/png"}],"parameters":[],"start":1735800801983,"stop":1735800803724},{"name":"And  User enters password \"wrongUser\"","status":"passed","statusDetails":{"known":false,"muted":false,"flaky":false},"stage":"finished","steps":[],"attachments":[{"name":"InvalidPassword","source":"3d3609e6-d009-4238-ba47-6e322cc2b732-attachment","type":"image/png"},{"name":"EnterPassword","source":"9e96937c-2684-44c2-a827-1a840c74f6c3-attachment","type":"image/png"}],"parameters":[],"start":1735800803725,"stop":1735800805502},{"name":"And  User clicks login button","status":"passed","statusDetails":{"known":false,"muted":false,"flaky":false},"stage":"finished","steps":[],"attachments":[{"name":"LoginButton","source":"d8017e16-d521-45fb-9d82-be89e5974ff4-attachment","type":"image/png"}],"parameters":[],"start":1735800805502,"stop":1735800808006},{"name":"Then  User sees \"Password is wrong\"","status":"failed","statusDetails":{"known":false,"muted":false,"flaky":false,"message":"Unexpected result: Password is wrong","trace":"java.lang.AssertionError: Unexpected result: Password is wrong\r\n\tat stepDefinitions.LoginCheckStepDefinitions.userSeesResult(LoginCheckStepDefinitions.java:76)\r\n\tat ✽.User sees \"Password is wrong\"(file:///C:/Users/User/Desktop/ITQA-UI-Testing-Grp33-Selenium-Cucumber-TestNG/src/test/resources/features/2login.feature:9)\r\n"},"stage":"finished","steps":[],"attachments":[],"parameters":[],"start":1735800808006,"stop":1735800808008}],"attachments":[],"parameters":[{"name":"username","value":"Admin"},{"name":"password","value":"wrongUser"},{"name":"expectedResult","value":"Password is wrong"}],"start":1735800799273,"stop":1735800810110}