{"uuid":"97c33927-5267-4cea-8310-053381f3cf2a","historyId":"3b6127074f8136841673b49307f44da7","fullName":"src/test/resources/features/2login.feature:14","labels":[{"name":"tag","value":"Login"},{"name":"host","value":"DESKTOP-7KO0I2O"},{"name":"thread","value":"17592@DESKTOP-7KO0I2O.main(1)"},{"name":"feature","value":"OrangeHRM Login Functionality"},{"name":"story","value":"Login to OrangeHRM"},{"name":"suite","value":"OrangeHRM Login Functionality"},{"name":"testClass","value":"Login to OrangeHRM"},{"name":"framework","value":"cucumber4jvm"},{"name":"language","value":"java"},{"name":"gherkin_uri","value":"file:///C:/Users/User/Desktop/ITQA-UI-Testing-Grp33-Selenium-Cucumber-TestNG/src/test/resources/features/2login.feature"},{"name":"package","value":"src.test.resources.features.2login_feature.OrangeHRM Login Functionality"}],"links":[],"name":"Login to OrangeHRM","status":"failed","statusDetails":{"known":false,"muted":false,"flaky":false,"message":"Unexpected result: Password is wrong","trace":"java.lang.AssertionError: Unexpected result: Password is wrong\r\n\tat stepDefinitions.LoginCheckStepDefinitions.userSeesResult(LoginCheckStepDefinitions.java:76)\r\n\tat ✽.User sees \"Password is wrong\"(file:///C:/Users/User/Desktop/ITQA-UI-Testing-Grp33-Selenium-Cucumber-TestNG/src/test/resources/features/2login.feature:9)\r\n"},"stage":"finished","steps":[{"name":"Given  User is on OrangeHRM login page","status":"passed","statusDetails":{"known":false,"muted":false,"flaky":false},"stage":"finished","steps":[],"attachments":[{"name":"LoginPage","source":"b0f25d24-ecb2-4be5-b470-291bfe6f374d-attachment","type":"image/png"}],"parameters":[],"start":1735801159453,"stop":1735801162307},{"name":"When  User enters username \"Admin\"","status":"passed","statusDetails":{"known":false,"muted":false,"flaky":false},"stage":"finished","steps":[],"attachments":[{"name":"EnterUsername","source":"91b39435-9e5e-4323-91e1-d259c7758366-attachment","type":"image/png"}],"parameters":[],"start":1735801162307,"stop":1735801163793},{"name":"And  User enters password \"wrongUser\"","status":"passed","statusDetails":{"known":false,"muted":false,"flaky":false},"stage":"finished","steps":[],"attachments":[{"name":"InvalidPassword","source":"83517d3d-28d1-4930-af9a-9280d2bf9a91-attachment","type":"image/png"},{"name":"EnterPassword","source":"138ee218-7e1e-4d09-8aa7-43fecc239c1b-attachment","type":"image/png"}],"parameters":[],"start":1735801163794,"stop":1735801165659},{"name":"And  User clicks login button","status":"passed","statusDetails":{"known":false,"muted":false,"flaky":false},"stage":"finished","steps":[],"attachments":[{"name":"LoginButton","source":"d571ffb0-d196-49b8-81fe-ae7f1b67022b-attachment","type":"image/png"}],"parameters":[],"start":1735801165660,"stop":1735801168258},{"name":"Then  User sees \"Password is wrong\"","status":"failed","statusDetails":{"known":false,"muted":false,"flaky":false,"message":"Unexpected result: Password is wrong","trace":"java.lang.AssertionError: Unexpected result: Password is wrong\r\n\tat stepDefinitions.LoginCheckStepDefinitions.userSeesResult(LoginCheckStepDefinitions.java:76)\r\n\tat ✽.User sees \"Password is wrong\"(file:///C:/Users/User/Desktop/ITQA-UI-Testing-Grp33-Selenium-Cucumber-TestNG/src/test/resources/features/2login.feature:9)\r\n"},"stage":"finished","steps":[],"attachments":[],"parameters":[],"start":1735801168259,"stop":1735801168263}],"attachments":[],"parameters":[{"name":"username","value":"Admin"},{"name":"password","value":"wrongUser"},{"name":"expectedResult","value":"Password is wrong"}],"start":1735801159441,"stop":1735801170543}