{"uuid":"9fc1586f-05bf-4539-af21-1cb1fb1eb902","name":"Scenario Outline: Login to OrangeHRM","children":["17d6ae3a-f8a4-4b97-a582-e942282b8ce7"],"befores":[{"name":"stepDefinitions.AdminCreateEmployee.setUp(io.cucumber.java.Scenario)","status":"broken","statusDetails":{"known":false,"muted":false,"flaky":false,"message":"BEFORE is failed: Could not start a new session. Response code 500. Message: session not created: Chrome failed to start: was killed.\n  (session not created: DevToolsActivePort file doesn't exist)\n  (The process started from chrome location src/test/resources/driver/chromedriver.exe is no longer running, so ChromeDriver is assuming that Chrome has crashed.) \nHost info: host: 'DESKTOP-0PV7LGO', ip: '10.10.55.114'\nBuild info: version: '4.15.0', revision: '1d14b5521b'\nSystem info: os.name: 'Windows 10', os.arch: 'amd64', os.version: '10.0', java.version: '19.0.2'\nDriver info: org.openqa.selenium.chrome.ChromeDriver\nCommand: [null, newSession {capabilities=[Capabilities {browserName: chrome, goog:chromeOptions: {args: [], binary: src/test/resources/driver/c..., extensions: []}}]}]","trace":"org.openqa.selenium.SessionNotCreatedException: Could not start a new session. Response code 500. Message: session not created: Chrome failed to start: was killed.\n  (session not created: DevToolsActivePort file doesn't exist)\n  (The process started from chrome location src/test/resources/driver/chromedriver.exe is no longer running, so ChromeDriver is assuming that Chrome has crashed.) \nHost info: host: 'DESKTOP-0PV7LGO', ip: '10.10.55.114'\nBuild info: version: '4.15.0', revision: '1d14b5521b'\nSystem info: os.name: 'Windows 10', os.arch: 'amd64', os.version: '10.0', java.version: '19.0.2'\nDriver info: org.openqa.selenium.chrome.ChromeDriver\nCommand: [null, newSession {capabilities=[Capabilities {browserName: chrome, goog:chromeOptions: {args: [], binary: src/test/resources/driver/c..., extensions: []}}]}]\r\n\tat org.openqa.selenium.remote.ProtocolHandshake.createSession(ProtocolHandshake.java:140)\r\n\tat org.openqa.selenium.remote.ProtocolHandshake.createSession(ProtocolHandshake.java:96)\r\n\tat org.openqa.selenium.remote.ProtocolHandshake.createSession(ProtocolHandshake.java:68)\r\n\tat org.openqa.selenium.remote.HttpCommandExecutor.execute(HttpCommandExecutor.java:163)\r\n\tat org.openqa.selenium.remote.service.DriverCommandExecutor.invokeExecute(DriverCommandExecutor.java:200)\r\n\tat org.openqa.selenium.remote.service.DriverCommandExecutor.execute(DriverCommandExecutor.java:175)\r\n\tat org.openqa.selenium.remote.RemoteWebDriver.execute(RemoteWebDriver.java:607)\r\n\tat org.openqa.selenium.remote.RemoteWebDriver.startSession(RemoteWebDriver.java:241)\r\n\tat org.openqa.selenium.remote.RemoteWebDriver.<init>(RemoteWebDriver.java:168)\r\n\tat org.openqa.selenium.chromium.ChromiumDriver.<init>(ChromiumDriver.java:108)\r\n\tat org.openqa.selenium.chrome.ChromeDriver.<init>(ChromeDriver.java:89)\r\n\tat org.openqa.selenium.chrome.ChromeDriver.<init>(ChromeDriver.java:84)\r\n\tat org.openqa.selenium.chrome.ChromeDriver.<init>(ChromeDriver.java:73)\r\n\tat utils.SeleniumUtils.initializeDriver(SeleniumUtils.java:57)\r\n\tat utils.SeleniumUtils.<init>(SeleniumUtils.java:31)\r\n\tat stepDefinitions.AdminCreateEmployee.setUp(AdminCreateEmployee.java:35)\r\n"},"stage":"finished","steps":[],"attachments":[],"parameters":[],"start":1735719538848,"stop":1735719539048},{"name":"stepDefinitions.Buzz.setUp(io.cucumber.java.Scenario)","status":"broken","statusDetails":{"known":false,"muted":false,"flaky":false,"message":"BEFORE is failed: Could not start a new session. Response code 500. Message: session not created: Chrome failed to start: was killed.\n  (session not created: DevToolsActivePort file doesn't exist)\n  (The process started from chrome location src/test/resources/driver/chromedriver.exe is no longer running, so ChromeDriver is assuming that Chrome has crashed.) \nHost info: host: 'DESKTOP-0PV7LGO', ip: '10.10.55.114'\nBuild info: version: '4.15.0', revision: '1d14b5521b'\nSystem info: os.name: 'Windows 10', os.arch: 'amd64', os.version: '10.0', java.version: '19.0.2'\nDriver info: org.openqa.selenium.chrome.ChromeDriver\nCommand: [null, newSession {capabilities=[Capabilities {browserName: chrome, goog:chromeOptions: {args: [], binary: src/test/resources/driver/c..., extensions: []}}]}]","trace":"org.openqa.selenium.SessionNotCreatedException: Could not start a new session. Response code 500. Message: session not created: Chrome failed to start: was killed.\n  (session not created: DevToolsActivePort file doesn't exist)\n  (The process started from chrome location src/test/resources/driver/chromedriver.exe is no longer running, so ChromeDriver is assuming that Chrome has crashed.) \nHost info: host: 'DESKTOP-0PV7LGO', ip: '10.10.55.114'\nBuild info: version: '4.15.0', revision: '1d14b5521b'\nSystem info: os.name: 'Windows 10', os.arch: 'amd64', os.version: '10.0', java.version: '19.0.2'\nDriver info: org.openqa.selenium.chrome.ChromeDriver\nCommand: [null, newSession {capabilities=[Capabilities {browserName: chrome, goog:chromeOptions: {args: [], binary: src/test/resources/driver/c..., extensions: []}}]}]\r\n\tat org.openqa.selenium.remote.ProtocolHandshake.createSession(ProtocolHandshake.java:140)\r\n\tat org.openqa.selenium.remote.ProtocolHandshake.createSession(ProtocolHandshake.java:96)\r\n\tat org.openqa.selenium.remote.ProtocolHandshake.createSession(ProtocolHandshake.java:68)\r\n\tat org.openqa.selenium.remote.HttpCommandExecutor.execute(HttpCommandExecutor.java:163)\r\n\tat org.openqa.selenium.remote.service.DriverCommandExecutor.invokeExecute(DriverCommandExecutor.java:200)\r\n\tat org.openqa.selenium.remote.service.DriverCommandExecutor.execute(DriverCommandExecutor.java:175)\r\n\tat org.openqa.selenium.remote.RemoteWebDriver.execute(RemoteWebDriver.java:607)\r\n\tat org.openqa.selenium.remote.RemoteWebDriver.startSession(RemoteWebDriver.java:241)\r\n\tat org.openqa.selenium.remote.RemoteWebDriver.<init>(RemoteWebDriver.java:168)\r\n\tat org.openqa.selenium.chromium.ChromiumDriver.<init>(ChromiumDriver.java:108)\r\n\tat org.openqa.selenium.chrome.ChromeDriver.<init>(ChromeDriver.java:89)\r\n\tat org.openqa.selenium.chrome.ChromeDriver.<init>(ChromeDriver.java:84)\r\n\tat org.openqa.selenium.chrome.ChromeDriver.<init>(ChromeDriver.java:73)\r\n\tat utils.SeleniumUtils.initializeDriver(SeleniumUtils.java:57)\r\n\tat utils.SeleniumUtils.<init>(SeleniumUtils.java:31)\r\n\tat stepDefinitions.Buzz.setUp(Buzz.java:25)\r\n"},"stage":"finished","steps":[],"attachments":[],"parameters":[],"start":1735719539048,"stop":1735719539249},{"name":"stepDefinitions.ChangePasswordStepDefinition.setup(io.cucumber.java.Scenario)","status":"broken","statusDetails":{"known":false,"muted":false,"flaky":false,"message":"BEFORE is failed: Could not start a new session. Response code 500. Message: session not created: Chrome failed to start: was killed.\n  (session not created: DevToolsActivePort file doesn't exist)\n  (The process started from chrome location src/test/resources/driver/chromedriver.exe is no longer running, so ChromeDriver is assuming that Chrome has crashed.) \nHost info: host: 'DESKTOP-0PV7LGO', ip: '10.10.55.114'\nBuild info: version: '4.15.0', revision: '1d14b5521b'\nSystem info: os.name: 'Windows 10', os.arch: 'amd64', os.version: '10.0', java.version: '19.0.2'\nDriver info: org.openqa.selenium.chrome.ChromeDriver\nCommand: [null, newSession {capabilities=[Capabilities {browserName: chrome, goog:chromeOptions: {args: [], binary: src/test/resources/driver/c..., extensions: []}}]}]","trace":"org.openqa.selenium.SessionNotCreatedException: Could not start a new session. Response code 500. Message: session not created: Chrome failed to start: was killed.\n  (session not created: DevToolsActivePort file doesn't exist)\n  (The process started from chrome location src/test/resources/driver/chromedriver.exe is no longer running, so ChromeDriver is assuming that Chrome has crashed.) \nHost info: host: 'DESKTOP-0PV7LGO', ip: '10.10.55.114'\nBuild info: version: '4.15.0', revision: '1d14b5521b'\nSystem info: os.name: 'Windows 10', os.arch: 'amd64', os.version: '10.0', java.version: '19.0.2'\nDriver info: org.openqa.selenium.chrome.ChromeDriver\nCommand: [null, newSession {capabilities=[Capabilities {browserName: chrome, goog:chromeOptions: {args: [], binary: src/test/resources/driver/c..., extensions: []}}]}]\r\n\tat org.openqa.selenium.remote.ProtocolHandshake.createSession(ProtocolHandshake.java:140)\r\n\tat org.openqa.selenium.remote.ProtocolHandshake.createSession(ProtocolHandshake.java:96)\r\n\tat org.openqa.selenium.remote.ProtocolHandshake.createSession(ProtocolHandshake.java:68)\r\n\tat org.openqa.selenium.remote.HttpCommandExecutor.execute(HttpCommandExecutor.java:163)\r\n\tat org.openqa.selenium.remote.service.DriverCommandExecutor.invokeExecute(DriverCommandExecutor.java:200)\r\n\tat org.openqa.selenium.remote.service.DriverCommandExecutor.execute(DriverCommandExecutor.java:175)\r\n\tat org.openqa.selenium.remote.RemoteWebDriver.execute(RemoteWebDriver.java:607)\r\n\tat org.openqa.selenium.remote.RemoteWebDriver.startSession(RemoteWebDriver.java:241)\r\n\tat org.openqa.selenium.remote.RemoteWebDriver.<init>(RemoteWebDriver.java:168)\r\n\tat org.openqa.selenium.chromium.ChromiumDriver.<init>(ChromiumDriver.java:108)\r\n\tat org.openqa.selenium.chrome.ChromeDriver.<init>(ChromeDriver.java:89)\r\n\tat org.openqa.selenium.chrome.ChromeDriver.<init>(ChromeDriver.java:84)\r\n\tat org.openqa.selenium.chrome.ChromeDriver.<init>(ChromeDriver.java:73)\r\n\tat utils.SeleniumUtils.initializeDriver(SeleniumUtils.java:57)\r\n\tat utils.SeleniumUtils.<init>(SeleniumUtils.java:31)\r\n\tat stepDefinitions.ChangePasswordStepDefinition.setup(ChangePasswordStepDefinition.java:25)\r\n"},"stage":"finished","steps":[],"attachments":[],"parameters":[],"start":1735719539250,"stop":1735719539499},{"name":"stepDefinitions.LoginCheckStepDefinitions.setUp(io.cucumber.java.Scenario)","status":"broken","statusDetails":{"known":false,"muted":false,"flaky":false,"message":"BEFORE is failed: Could not start a new session. Response code 500. Message: session not created: Chrome failed to start: was killed.\n  (session not created: DevToolsActivePort file doesn't exist)\n  (The process started from chrome location src/test/resources/driver/chromedriver.exe is no longer running, so ChromeDriver is assuming that Chrome has crashed.) \nHost info: host: 'DESKTOP-0PV7LGO', ip: '10.10.55.114'\nBuild info: version: '4.15.0', revision: '1d14b5521b'\nSystem info: os.name: 'Windows 10', os.arch: 'amd64', os.version: '10.0', java.version: '19.0.2'\nDriver info: org.openqa.selenium.chrome.ChromeDriver\nCommand: [null, newSession {capabilities=[Capabilities {browserName: chrome, goog:chromeOptions: {args: [], binary: src/test/resources/driver/c..., extensions: []}}]}]","trace":"org.openqa.selenium.SessionNotCreatedException: Could not start a new session. Response code 500. Message: session not created: Chrome failed to start: was killed.\n  (session not created: DevToolsActivePort file doesn't exist)\n  (The process started from chrome location src/test/resources/driver/chromedriver.exe is no longer running, so ChromeDriver is assuming that Chrome has crashed.) \nHost info: host: 'DESKTOP-0PV7LGO', ip: '10.10.55.114'\nBuild info: version: '4.15.0', revision: '1d14b5521b'\nSystem info: os.name: 'Windows 10', os.arch: 'amd64', os.version: '10.0', java.version: '19.0.2'\nDriver info: org.openqa.selenium.chrome.ChromeDriver\nCommand: [null, newSession {capabilities=[Capabilities {browserName: chrome, goog:chromeOptions: {args: [], binary: src/test/resources/driver/c..., extensions: []}}]}]\r\n\tat org.openqa.selenium.remote.ProtocolHandshake.createSession(ProtocolHandshake.java:140)\r\n\tat org.openqa.selenium.remote.ProtocolHandshake.createSession(ProtocolHandshake.java:96)\r\n\tat org.openqa.selenium.remote.ProtocolHandshake.createSession(ProtocolHandshake.java:68)\r\n\tat org.openqa.selenium.remote.HttpCommandExecutor.execute(HttpCommandExecutor.java:163)\r\n\tat org.openqa.selenium.remote.service.DriverCommandExecutor.invokeExecute(DriverCommandExecutor.java:200)\r\n\tat org.openqa.selenium.remote.service.DriverCommandExecutor.execute(DriverCommandExecutor.java:175)\r\n\tat org.openqa.selenium.remote.RemoteWebDriver.execute(RemoteWebDriver.java:607)\r\n\tat org.openqa.selenium.remote.RemoteWebDriver.startSession(RemoteWebDriver.java:241)\r\n\tat org.openqa.selenium.remote.RemoteWebDriver.<init>(RemoteWebDriver.java:168)\r\n\tat org.openqa.selenium.chromium.ChromiumDriver.<init>(ChromiumDriver.java:108)\r\n\tat org.openqa.selenium.chrome.ChromeDriver.<init>(ChromeDriver.java:89)\r\n\tat org.openqa.selenium.chrome.ChromeDriver.<init>(ChromeDriver.java:84)\r\n\tat org.openqa.selenium.chrome.ChromeDriver.<init>(ChromeDriver.java:73)\r\n\tat utils.SeleniumUtils.initializeDriver(SeleniumUtils.java:57)\r\n\tat utils.SeleniumUtils.<init>(SeleniumUtils.java:31)\r\n\tat stepDefinitions.LoginCheckStepDefinitions.setUp(LoginCheckStepDefinitions.java:22)\r\n"},"stage":"finished","steps":[],"attachments":[],"parameters":[],"start":1735719539500,"stop":1735719539691},{"name":"stepDefinitions.LogoutStepDefinitions.setUp(io.cucumber.java.Scenario)","status":"broken","statusDetails":{"known":false,"muted":false,"flaky":false,"message":"BEFORE is failed: Could not start a new session. Response code 500. Message: session not created: Chrome failed to start: was killed.\n  (session not created: DevToolsActivePort file doesn't exist)\n  (The process started from chrome location src/test/resources/driver/chromedriver.exe is no longer running, so ChromeDriver is assuming that Chrome has crashed.) \nHost info: host: 'DESKTOP-0PV7LGO', ip: '10.10.55.114'\nBuild info: version: '4.15.0', revision: '1d14b5521b'\nSystem info: os.name: 'Windows 10', os.arch: 'amd64', os.version: '10.0', java.version: '19.0.2'\nDriver info: org.openqa.selenium.chrome.ChromeDriver\nCommand: [null, newSession {capabilities=[Capabilities {browserName: chrome, goog:chromeOptions: {args: [], binary: src/test/resources/driver/c..., extensions: []}}]}]","trace":"org.openqa.selenium.SessionNotCreatedException: Could not start a new session. Response code 500. Message: session not created: Chrome failed to start: was killed.\n  (session not created: DevToolsActivePort file doesn't exist)\n  (The process started from chrome location src/test/resources/driver/chromedriver.exe is no longer running, so ChromeDriver is assuming that Chrome has crashed.) \nHost info: host: 'DESKTOP-0PV7LGO', ip: '10.10.55.114'\nBuild info: version: '4.15.0', revision: '1d14b5521b'\nSystem info: os.name: 'Windows 10', os.arch: 'amd64', os.version: '10.0', java.version: '19.0.2'\nDriver info: org.openqa.selenium.chrome.ChromeDriver\nCommand: [null, newSession {capabilities=[Capabilities {browserName: chrome, goog:chromeOptions: {args: [], binary: src/test/resources/driver/c..., extensions: []}}]}]\r\n\tat org.openqa.selenium.remote.ProtocolHandshake.createSession(ProtocolHandshake.java:140)\r\n\tat org.openqa.selenium.remote.ProtocolHandshake.createSession(ProtocolHandshake.java:96)\r\n\tat org.openqa.selenium.remote.ProtocolHandshake.createSession(ProtocolHandshake.java:68)\r\n\tat org.openqa.selenium.remote.HttpCommandExecutor.execute(HttpCommandExecutor.java:163)\r\n\tat org.openqa.selenium.remote.service.DriverCommandExecutor.invokeExecute(DriverCommandExecutor.java:200)\r\n\tat org.openqa.selenium.remote.service.DriverCommandExecutor.execute(DriverCommandExecutor.java:175)\r\n\tat org.openqa.selenium.remote.RemoteWebDriver.execute(RemoteWebDriver.java:607)\r\n\tat org.openqa.selenium.remote.RemoteWebDriver.startSession(RemoteWebDriver.java:241)\r\n\tat org.openqa.selenium.remote.RemoteWebDriver.<init>(RemoteWebDriver.java:168)\r\n\tat org.openqa.selenium.chromium.ChromiumDriver.<init>(ChromiumDriver.java:108)\r\n\tat org.openqa.selenium.chrome.ChromeDriver.<init>(ChromeDriver.java:89)\r\n\tat org.openqa.selenium.chrome.ChromeDriver.<init>(ChromeDriver.java:84)\r\n\tat org.openqa.selenium.chrome.ChromeDriver.<init>(ChromeDriver.java:73)\r\n\tat utils.SeleniumUtils.initializeDriver(SeleniumUtils.java:57)\r\n\tat utils.SeleniumUtils.<init>(SeleniumUtils.java:31)\r\n\tat stepDefinitions.LogoutStepDefinitions.setUp(LogoutStepDefinitions.java:21)\r\n"},"stage":"finished","steps":[],"attachments":[],"parameters":[],"start":1735719539692,"stop":1735719539952},{"name":"stepDefinitions.MyInfo.setUp(io.cucumber.java.Scenario)","status":"broken","statusDetails":{"known":false,"muted":false,"flaky":false,"message":"BEFORE is failed: Could not start a new session. Response code 500. Message: session not created: Chrome failed to start: was killed.\n  (session not created: DevToolsActivePort file doesn't exist)\n  (The process started from chrome location src/test/resources/driver/chromedriver.exe is no longer running, so ChromeDriver is assuming that Chrome has crashed.) \nHost info: host: 'DESKTOP-0PV7LGO', ip: '10.10.55.114'\nBuild info: version: '4.15.0', revision: '1d14b5521b'\nSystem info: os.name: 'Windows 10', os.arch: 'amd64', os.version: '10.0', java.version: '19.0.2'\nDriver info: org.openqa.selenium.chrome.ChromeDriver\nCommand: [null, newSession {capabilities=[Capabilities {browserName: chrome, goog:chromeOptions: {args: [], binary: src/test/resources/driver/c..., extensions: []}}]}]","trace":"org.openqa.selenium.SessionNotCreatedException: Could not start a new session. Response code 500. Message: session not created: Chrome failed to start: was killed.\n  (session not created: DevToolsActivePort file doesn't exist)\n  (The process started from chrome location src/test/resources/driver/chromedriver.exe is no longer running, so ChromeDriver is assuming that Chrome has crashed.) \nHost info: host: 'DESKTOP-0PV7LGO', ip: '10.10.55.114'\nBuild info: version: '4.15.0', revision: '1d14b5521b'\nSystem info: os.name: 'Windows 10', os.arch: 'amd64', os.version: '10.0', java.version: '19.0.2'\nDriver info: org.openqa.selenium.chrome.ChromeDriver\nCommand: [null, newSession {capabilities=[Capabilities {browserName: chrome, goog:chromeOptions: {args: [], binary: src/test/resources/driver/c..., extensions: []}}]}]\r\n\tat org.openqa.selenium.remote.ProtocolHandshake.createSession(ProtocolHandshake.java:140)\r\n\tat org.openqa.selenium.remote.ProtocolHandshake.createSession(ProtocolHandshake.java:96)\r\n\tat org.openqa.selenium.remote.ProtocolHandshake.createSession(ProtocolHandshake.java:68)\r\n\tat org.openqa.selenium.remote.HttpCommandExecutor.execute(HttpCommandExecutor.java:163)\r\n\tat org.openqa.selenium.remote.service.DriverCommandExecutor.invokeExecute(DriverCommandExecutor.java:200)\r\n\tat org.openqa.selenium.remote.service.DriverCommandExecutor.execute(DriverCommandExecutor.java:175)\r\n\tat org.openqa.selenium.remote.RemoteWebDriver.execute(RemoteWebDriver.java:607)\r\n\tat org.openqa.selenium.remote.RemoteWebDriver.startSession(RemoteWebDriver.java:241)\r\n\tat org.openqa.selenium.remote.RemoteWebDriver.<init>(RemoteWebDriver.java:168)\r\n\tat org.openqa.selenium.chromium.ChromiumDriver.<init>(ChromiumDriver.java:108)\r\n\tat org.openqa.selenium.chrome.ChromeDriver.<init>(ChromeDriver.java:89)\r\n\tat org.openqa.selenium.chrome.ChromeDriver.<init>(ChromeDriver.java:84)\r\n\tat org.openqa.selenium.chrome.ChromeDriver.<init>(ChromeDriver.java:73)\r\n\tat utils.SeleniumUtils.initializeDriver(SeleniumUtils.java:57)\r\n\tat utils.SeleniumUtils.<init>(SeleniumUtils.java:31)\r\n\tat stepDefinitions.MyInfo.setUp(MyInfo.java:24)\r\n"},"stage":"finished","steps":[],"attachments":[],"parameters":[],"start":1735719539952,"stop":1735719540157},{"name":"stepDefinitions.SaveHoliday.setup(io.cucumber.java.Scenario)","status":"broken","statusDetails":{"known":false,"muted":false,"flaky":false,"message":"BEFORE is failed: Input must be set","trace":"java.lang.IllegalArgumentException: Input must be set\r\n\tat org.openqa.selenium.internal.Require.nonNull(Require.java:60)\r\n\tat org.openqa.selenium.support.ui.FluentWait.<init>(FluentWait.java:93)\r\n\tat org.openqa.selenium.support.ui.WebDriverWait.<init>(WebDriverWait.java:74)\r\n\tat org.openqa.selenium.support.ui.WebDriverWait.<init>(WebDriverWait.java:43)\r\n\tat stepDefinitions.SaveHoliday.setup(SaveHoliday.java:30)\r\n"},"stage":"finished","steps":[],"attachments":[],"parameters":[],"start":1735719540157,"stop":1735719540160},{"name":"stepDefinitions.SearchReportStepDefinitions.setUp(io.cucumber.java.Scenario)","status":"broken","statusDetails":{"known":false,"muted":false,"flaky":false,"message":"BEFORE is failed: Could not start a new session. Response code 500. Message: session not created: Chrome failed to start: was killed.\n  (session not created: DevToolsActivePort file doesn't exist)\n  (The process started from chrome location src/test/resources/driver/chromedriver.exe is no longer running, so ChromeDriver is assuming that Chrome has crashed.) \nHost info: host: 'DESKTOP-0PV7LGO', ip: '10.10.55.114'\nBuild info: version: '4.15.0', revision: '1d14b5521b'\nSystem info: os.name: 'Windows 10', os.arch: 'amd64', os.version: '10.0', java.version: '19.0.2'\nDriver info: org.openqa.selenium.chrome.ChromeDriver\nCommand: [null, newSession {capabilities=[Capabilities {browserName: chrome, goog:chromeOptions: {args: [], binary: src/test/resources/driver/c..., extensions: []}}]}]","trace":"org.openqa.selenium.SessionNotCreatedException: Could not start a new session. Response code 500. Message: session not created: Chrome failed to start: was killed.\n  (session not created: DevToolsActivePort file doesn't exist)\n  (The process started from chrome location src/test/resources/driver/chromedriver.exe is no longer running, so ChromeDriver is assuming that Chrome has crashed.) \nHost info: host: 'DESKTOP-0PV7LGO', ip: '10.10.55.114'\nBuild info: version: '4.15.0', revision: '1d14b5521b'\nSystem info: os.name: 'Windows 10', os.arch: 'amd64', os.version: '10.0', java.version: '19.0.2'\nDriver info: org.openqa.selenium.chrome.ChromeDriver\nCommand: [null, newSession {capabilities=[Capabilities {browserName: chrome, goog:chromeOptions: {args: [], binary: src/test/resources/driver/c..., extensions: []}}]}]\r\n\tat org.openqa.selenium.remote.ProtocolHandshake.createSession(ProtocolHandshake.java:140)\r\n\tat org.openqa.selenium.remote.ProtocolHandshake.createSession(ProtocolHandshake.java:96)\r\n\tat org.openqa.selenium.remote.ProtocolHandshake.createSession(ProtocolHandshake.java:68)\r\n\tat org.openqa.selenium.remote.HttpCommandExecutor.execute(HttpCommandExecutor.java:163)\r\n\tat org.openqa.selenium.remote.service.DriverCommandExecutor.invokeExecute(DriverCommandExecutor.java:200)\r\n\tat org.openqa.selenium.remote.service.DriverCommandExecutor.execute(DriverCommandExecutor.java:175)\r\n\tat org.openqa.selenium.remote.RemoteWebDriver.execute(RemoteWebDriver.java:607)\r\n\tat org.openqa.selenium.remote.RemoteWebDriver.startSession(RemoteWebDriver.java:241)\r\n\tat org.openqa.selenium.remote.RemoteWebDriver.<init>(RemoteWebDriver.java:168)\r\n\tat org.openqa.selenium.chromium.ChromiumDriver.<init>(ChromiumDriver.java:108)\r\n\tat org.openqa.selenium.chrome.ChromeDriver.<init>(ChromeDriver.java:89)\r\n\tat org.openqa.selenium.chrome.ChromeDriver.<init>(ChromeDriver.java:84)\r\n\tat org.openqa.selenium.chrome.ChromeDriver.<init>(ChromeDriver.java:73)\r\n\tat utils.SeleniumUtils.initializeDriver(SeleniumUtils.java:57)\r\n\tat utils.SeleniumUtils.<init>(SeleniumUtils.java:31)\r\n\tat stepDefinitions.SearchReportStepDefinitions.setUp(SearchReportStepDefinitions.java:22)\r\n"},"stage":"finished","steps":[],"attachments":[],"parameters":[],"start":1735719540161,"stop":1735719540391},{"name":"stepDefinitions.SocialLoginURLCheck.setUp(io.cucumber.java.Scenario)","status":"broken","statusDetails":{"known":false,"muted":false,"flaky":false,"message":"BEFORE is failed: Could not start a new session. Response code 500. Message: session not created: Chrome failed to start: was killed.\n  (session not created: DevToolsActivePort file doesn't exist)\n  (The process started from chrome location src/test/resources/driver/chromedriver.exe is no longer running, so ChromeDriver is assuming that Chrome has crashed.) \nHost info: host: 'DESKTOP-0PV7LGO', ip: '10.10.55.114'\nBuild info: version: '4.15.0', revision: '1d14b5521b'\nSystem info: os.name: 'Windows 10', os.arch: 'amd64', os.version: '10.0', java.version: '19.0.2'\nDriver info: org.openqa.selenium.chrome.ChromeDriver\nCommand: [null, newSession {capabilities=[Capabilities {browserName: chrome, goog:chromeOptions: {args: [], binary: src/test/resources/driver/c..., extensions: []}}]}]","trace":"org.openqa.selenium.SessionNotCreatedException: Could not start a new session. Response code 500. Message: session not created: Chrome failed to start: was killed.\n  (session not created: DevToolsActivePort file doesn't exist)\n  (The process started from chrome location src/test/resources/driver/chromedriver.exe is no longer running, so ChromeDriver is assuming that Chrome has crashed.) \nHost info: host: 'DESKTOP-0PV7LGO', ip: '10.10.55.114'\nBuild info: version: '4.15.0', revision: '1d14b5521b'\nSystem info: os.name: 'Windows 10', os.arch: 'amd64', os.version: '10.0', java.version: '19.0.2'\nDriver info: org.openqa.selenium.chrome.ChromeDriver\nCommand: [null, newSession {capabilities=[Capabilities {browserName: chrome, goog:chromeOptions: {args: [], binary: src/test/resources/driver/c..., extensions: []}}]}]\r\n\tat org.openqa.selenium.remote.ProtocolHandshake.createSession(ProtocolHandshake.java:140)\r\n\tat org.openqa.selenium.remote.ProtocolHandshake.createSession(ProtocolHandshake.java:96)\r\n\tat org.openqa.selenium.remote.ProtocolHandshake.createSession(ProtocolHandshake.java:68)\r\n\tat org.openqa.selenium.remote.HttpCommandExecutor.execute(HttpCommandExecutor.java:163)\r\n\tat org.openqa.selenium.remote.service.DriverCommandExecutor.invokeExecute(DriverCommandExecutor.java:200)\r\n\tat org.openqa.selenium.remote.service.DriverCommandExecutor.execute(DriverCommandExecutor.java:175)\r\n\tat org.openqa.selenium.remote.RemoteWebDriver.execute(RemoteWebDriver.java:607)\r\n\tat org.openqa.selenium.remote.RemoteWebDriver.startSession(RemoteWebDriver.java:241)\r\n\tat org.openqa.selenium.remote.RemoteWebDriver.<init>(RemoteWebDriver.java:168)\r\n\tat org.openqa.selenium.chromium.ChromiumDriver.<init>(ChromiumDriver.java:108)\r\n\tat org.openqa.selenium.chrome.ChromeDriver.<init>(ChromeDriver.java:89)\r\n\tat org.openqa.selenium.chrome.ChromeDriver.<init>(ChromeDriver.java:84)\r\n\tat org.openqa.selenium.chrome.ChromeDriver.<init>(ChromeDriver.java:73)\r\n\tat utils.SeleniumUtils.initializeDriver(SeleniumUtils.java:57)\r\n\tat utils.SeleniumUtils.<init>(SeleniumUtils.java:31)\r\n\tat stepDefinitions.SocialLoginURLCheck.setUp(SocialLoginURLCheck.java:32)\r\n"},"stage":"finished","steps":[],"attachments":[],"parameters":[],"start":1735719540392,"stop":1735719540655},{"name":"stepDefinitions.VacancySteps.setUp(io.cucumber.java.Scenario)","status":"broken","statusDetails":{"known":false,"muted":false,"flaky":false,"message":"BEFORE is failed: Could not start a new session. Response code 500. Message: session not created: Chrome failed to start: was killed.\n  (session not created: DevToolsActivePort file doesn't exist)\n  (The process started from chrome location src/test/resources/driver/chromedriver.exe is no longer running, so ChromeDriver is assuming that Chrome has crashed.) \nHost info: host: 'DESKTOP-0PV7LGO', ip: '10.10.55.114'\nBuild info: version: '4.15.0', revision: '1d14b5521b'\nSystem info: os.name: 'Windows 10', os.arch: 'amd64', os.version: '10.0', java.version: '19.0.2'\nDriver info: org.openqa.selenium.chrome.ChromeDriver\nCommand: [null, newSession {capabilities=[Capabilities {browserName: chrome, goog:chromeOptions: {args: [], binary: src/test/resources/driver/c..., extensions: []}}]}]","trace":"org.openqa.selenium.SessionNotCreatedException: Could not start a new session. Response code 500. Message: session not created: Chrome failed to start: was killed.\n  (session not created: DevToolsActivePort file doesn't exist)\n  (The process started from chrome location src/test/resources/driver/chromedriver.exe is no longer running, so ChromeDriver is assuming that Chrome has crashed.) \nHost info: host: 'DESKTOP-0PV7LGO', ip: '10.10.55.114'\nBuild info: version: '4.15.0', revision: '1d14b5521b'\nSystem info: os.name: 'Windows 10', os.arch: 'amd64', os.version: '10.0', java.version: '19.0.2'\nDriver info: org.openqa.selenium.chrome.ChromeDriver\nCommand: [null, newSession {capabilities=[Capabilities {browserName: chrome, goog:chromeOptions: {args: [], binary: src/test/resources/driver/c..., extensions: []}}]}]\r\n\tat org.openqa.selenium.remote.ProtocolHandshake.createSession(ProtocolHandshake.java:140)\r\n\tat org.openqa.selenium.remote.ProtocolHandshake.createSession(ProtocolHandshake.java:96)\r\n\tat org.openqa.selenium.remote.ProtocolHandshake.createSession(ProtocolHandshake.java:68)\r\n\tat org.openqa.selenium.remote.HttpCommandExecutor.execute(HttpCommandExecutor.java:163)\r\n\tat org.openqa.selenium.remote.service.DriverCommandExecutor.invokeExecute(DriverCommandExecutor.java:200)\r\n\tat org.openqa.selenium.remote.service.DriverCommandExecutor.execute(DriverCommandExecutor.java:175)\r\n\tat org.openqa.selenium.remote.RemoteWebDriver.execute(RemoteWebDriver.java:607)\r\n\tat org.openqa.selenium.remote.RemoteWebDriver.startSession(RemoteWebDriver.java:241)\r\n\tat org.openqa.selenium.remote.RemoteWebDriver.<init>(RemoteWebDriver.java:168)\r\n\tat org.openqa.selenium.chromium.ChromiumDriver.<init>(ChromiumDriver.java:108)\r\n\tat org.openqa.selenium.chrome.ChromeDriver.<init>(ChromeDriver.java:89)\r\n\tat org.openqa.selenium.chrome.ChromeDriver.<init>(ChromeDriver.java:84)\r\n\tat org.openqa.selenium.chrome.ChromeDriver.<init>(ChromeDriver.java:73)\r\n\tat utils.SeleniumUtils.initializeDriver(SeleniumUtils.java:57)\r\n\tat utils.SeleniumUtils.<init>(SeleniumUtils.java:31)\r\n\tat stepDefinitions.VacancySteps.setUp(VacancySteps.java:23)\r\n"},"stage":"finished","steps":[],"attachments":[],"parameters":[],"start":1735719540655,"stop":1735719540873}],"afters":[{"name":"stepDefinitions.SocialLoginURLCheck.tearDown()","status":"broken","statusDetails":{"known":false,"muted":false,"flaky":false,"message":"AFTER is failed: Cannot invoke \"utils.SeleniumUtils.captureScreenshot(String)\" because \"this.seleniumUtils\" is null","trace":"java.lang.NullPointerException: Cannot invoke \"utils.SeleniumUtils.captureScreenshot(String)\" because \"this.seleniumUtils\" is null\r\n\tat stepDefinitions.SocialLoginURLCheck.tearDown(SocialLoginURLCheck.java:39)\r\n"},"stage":"finished","steps":[],"attachments":[],"parameters":[],"start":1735719540877,"stop":1735719540880},{"name":"stepDefinitions.LogoutStepDefinitions.tearDown()","status":"broken","statusDetails":{"known":false,"muted":false,"flaky":false,"message":"AFTER is failed: Cannot invoke \"utils.SeleniumUtils.captureScreenshot(String)\" because \"this.seleniumUtils\" is null","trace":"java.lang.NullPointerException: Cannot invoke \"utils.SeleniumUtils.captureScreenshot(String)\" because \"this.seleniumUtils\" is null\r\n\tat stepDefinitions.LogoutStepDefinitions.tearDown(LogoutStepDefinitions.java:108)\r\n"},"stage":"finished","steps":[],"attachments":[],"parameters":[],"start":1735719540880,"stop":1735719540881},{"name":"stepDefinitions.LoginCheckStepDefinitions.tearDown()","status":"broken","statusDetails":{"known":false,"muted":false,"flaky":false,"message":"AFTER is failed: Cannot invoke \"utils.SeleniumUtils.captureScreenshot(String)\" because \"this.seleniumUtils\" is null","trace":"java.lang.NullPointerException: Cannot invoke \"utils.SeleniumUtils.captureScreenshot(String)\" because \"this.seleniumUtils\" is null\r\n\tat stepDefinitions.LoginCheckStepDefinitions.tearDown(LoginCheckStepDefinitions.java:89)\r\n"},"stage":"finished","steps":[],"attachments":[],"parameters":[],"start":1735719540882,"stop":1735719540883},{"name":"stepDefinitions.AdminCreateEmployee.tearDown()","status":"broken","statusDetails":{"known":false,"muted":false,"flaky":false,"message":"AFTER is failed: Cannot invoke \"utils.SeleniumUtils.navigateTo(String)\" because \"this.seleniumUtils\" is null","trace":"java.lang.NullPointerException: Cannot invoke \"utils.SeleniumUtils.navigateTo(String)\" because \"this.seleniumUtils\" is null\r\n\tat stepDefinitions.AdminCreateEmployee.tearDown(AdminCreateEmployee.java:427)\r\n"},"stage":"finished","steps":[],"attachments":[],"parameters":[],"start":1735719540884,"stop":1735719540886}],"start":1735719538847,"stop":1735719540886}