{"uuid":"ccc6dbfa-e3b7-4c41-9ea5-84007ee9ad7b","historyId":"148a492f8070460c86c2afc3cbf6e4e3","fullName":"src/test/resources/features/2login.feature:13","labels":[{"name":"tag","value":"Login"},{"name":"host","value":"DESKTOP-7KO0I2O"},{"name":"thread","value":"19648@DESKTOP-7KO0I2O.main(1)"},{"name":"feature","value":"OrangeHRM Login Functionality"},{"name":"story","value":"Login to OrangeHRM"},{"name":"suite","value":"OrangeHRM Login Functionality"},{"name":"testClass","value":"Login to OrangeHRM"},{"name":"framework","value":"cucumber4jvm"},{"name":"language","value":"java"},{"name":"gherkin_uri","value":"file:///C:/Users/User/Desktop/ITQA-UI-Testing-Grp33-Selenium-Cucumber-TestNG/src/test/resources/features/2login.feature"},{"name":"package","value":"src.test.resources.features.2login_feature.OrangeHRM Login Functionality"}],"links":[],"name":"Login to OrangeHRM","status":"failed","statusDetails":{"known":false,"muted":false,"flaky":false,"message":"Unexpected result: User name is wrong","trace":"java.lang.AssertionError: Unexpected result: User name is wrong\r\n\tat stepDefinitions.LoginCheckStepDefinitions.userSeesResult(LoginCheckStepDefinitions.java:76)\r\n\tat ✽.User sees \"User name is wrong\"(file:///C:/Users/User/Desktop/ITQA-UI-Testing-Grp33-Selenium-Cucumber-TestNG/src/test/resources/features/2login.feature:9)\r\n"},"stage":"finished","steps":[{"name":"Given  User is on OrangeHRM login page","status":"passed","statusDetails":{"known":false,"muted":false,"flaky":false},"stage":"finished","steps":[],"attachments":[{"name":"LoginPage","source":"c8660532-cb26-4c7c-b13e-cb07ea738fd3-attachment","type":"image/png"}],"parameters":[],"start":1735797742977,"stop":1735797748654},{"name":"When  User enters username \"invaliduser\"","status":"passed","statusDetails":{"known":false,"muted":false,"flaky":false},"stage":"finished","steps":[],"attachments":[{"name":"EnterUsername","source":"f278223e-70bc-48e3-82f8-2f6554490dd8-attachment","type":"image/png"}],"parameters":[],"start":1735797748655,"stop":1735797750093},{"name":"And  User enters password \"admin123\"","status":"passed","statusDetails":{"known":false,"muted":false,"flaky":false},"stage":"finished","steps":[],"attachments":[{"name":"InvalidPassword","source":"0dc522ce-d706-4bb7-8ce3-f98c178eb658-attachment","type":"image/png"},{"name":"EnterPassword","source":"052a0b63-cccb-4bae-ab05-1eaa5516af52-attachment","type":"image/png"}],"parameters":[],"start":1735797750094,"stop":1735797751827},{"name":"And  User clicks login button","status":"passed","statusDetails":{"known":false,"muted":false,"flaky":false},"stage":"finished","steps":[],"attachments":[{"name":"LoginButton","source":"b4238b9b-d600-409f-a1a0-ffb6ad8bd4be-attachment","type":"image/png"}],"parameters":[],"start":1735797751828,"stop":1735797755835},{"name":"Then  User sees \"User name is wrong\"","status":"failed","statusDetails":{"known":false,"muted":false,"flaky":false,"message":"Unexpected result: User name is wrong","trace":"java.lang.AssertionError: Unexpected result: User name is wrong\r\n\tat stepDefinitions.LoginCheckStepDefinitions.userSeesResult(LoginCheckStepDefinitions.java:76)\r\n\tat ✽.User sees \"User name is wrong\"(file:///C:/Users/User/Desktop/ITQA-UI-Testing-Grp33-Selenium-Cucumber-TestNG/src/test/resources/features/2login.feature:9)\r\n"},"stage":"finished","steps":[],"attachments":[],"parameters":[],"start":1735797755836,"stop":1735797755843}],"attachments":[],"parameters":[{"name":"username","value":"invaliduser"},{"name":"password","value":"admin123"},{"name":"expectedResult","value":"User name is wrong"}],"start":1735797740003,"stop":1735797757563}