{"uuid":"e813f59e-67ee-481f-a489-922486376f9a","historyId":"3b6127074f8136841673b49307f44da7","fullName":"src/test/resources/features/2login.feature:14","labels":[{"name":"tag","value":"Login"},{"name":"host","value":"DESKTOP-7KO0I2O"},{"name":"thread","value":"2548@DESKTOP-7KO0I2O.main(1)"},{"name":"feature","value":"OrangeHRM Login Functionality"},{"name":"story","value":"Login to OrangeHRM"},{"name":"suite","value":"OrangeHRM Login Functionality"},{"name":"testClass","value":"Login to OrangeHRM"},{"name":"framework","value":"cucumber4jvm"},{"name":"language","value":"java"},{"name":"gherkin_uri","value":"file:///C:/Users/User/Desktop/ITQA-UI-Testing-Grp33-Selenium-Cucumber-TestNG/src/test/resources/features/2login.feature"},{"name":"package","value":"src.test.resources.features.2login_feature.OrangeHRM Login Functionality"}],"links":[],"name":"Login to OrangeHRM","status":"failed","statusDetails":{"known":false,"muted":false,"flaky":false,"message":"Unexpected result: Password is wrong","trace":"java.lang.AssertionError: Unexpected result: Password is wrong\r\n\tat stepDefinitions.LoginCheckStepDefinitions.userSeesResult(LoginCheckStepDefinitions.java:76)\r\n\tat ✽.User sees \"Password is wrong\"(file:///C:/Users/User/Desktop/ITQA-UI-Testing-Grp33-Selenium-Cucumber-TestNG/src/test/resources/features/2login.feature:9)\r\n"},"stage":"finished","steps":[{"name":"Given  User is on OrangeHRM login page","status":"passed","statusDetails":{"known":false,"muted":false,"flaky":false},"stage":"finished","steps":[],"attachments":[{"name":"LoginPage","source":"b2f108eb-9f68-44fc-aa50-755101dc4aa8-attachment","type":"image/png"}],"parameters":[],"start":1735797345968,"stop":1735797348643},{"name":"When  User enters username \"Admin\"","status":"passed","statusDetails":{"known":false,"muted":false,"flaky":false},"stage":"finished","steps":[],"attachments":[{"name":"EnterUsername","source":"daacd3af-9edb-435e-8c06-14a17c14150c-attachment","type":"image/png"}],"parameters":[],"start":1735797348643,"stop":1735797350023},{"name":"And  User enters password \"wrongUser\"","status":"passed","statusDetails":{"known":false,"muted":false,"flaky":false},"stage":"finished","steps":[],"attachments":[{"name":"InvalidPassword","source":"cfc246d2-30e2-4aae-b8ec-87a0c364f313-attachment","type":"image/png"},{"name":"EnterPassword","source":"1eafed79-914e-42e6-ba4a-20f400f06097-attachment","type":"image/png"}],"parameters":[],"start":1735797350023,"stop":1735797351658},{"name":"And  User clicks login button","status":"passed","statusDetails":{"known":false,"muted":false,"flaky":false},"stage":"finished","steps":[],"attachments":[{"name":"LoginButton","source":"7604d177-bc8f-4e74-9202-95c735ead79b-attachment","type":"image/png"}],"parameters":[],"start":1735797351658,"stop":1735797355280},{"name":"Then  User sees \"Password is wrong\"","status":"failed","statusDetails":{"known":false,"muted":false,"flaky":false,"message":"Unexpected result: Password is wrong","trace":"java.lang.AssertionError: Unexpected result: Password is wrong\r\n\tat stepDefinitions.LoginCheckStepDefinitions.userSeesResult(LoginCheckStepDefinitions.java:76)\r\n\tat ✽.User sees \"Password is wrong\"(file:///C:/Users/User/Desktop/ITQA-UI-Testing-Grp33-Selenium-Cucumber-TestNG/src/test/resources/features/2login.feature:9)\r\n"},"stage":"finished","steps":[],"attachments":[],"parameters":[],"start":1735797355280,"stop":1735797355282}],"attachments":[],"parameters":[{"name":"username","value":"Admin"},{"name":"password","value":"wrongUser"},{"name":"expectedResult","value":"Password is wrong"}],"start":1735797345961,"stop":1735797357511}