{"uuid":"ebe6bfe2-e934-450e-a7b1-49a2f74c03b4","historyId":"148a492f8070460c86c2afc3cbf6e4e3","fullName":"src/test/resources/features/2login.feature:13","labels":[{"name":"tag","value":"Login"},{"name":"host","value":"DESKTOP-7KO0I2O"},{"name":"thread","value":"4128@DESKTOP-7KO0I2O.main(1)"},{"name":"feature","value":"OrangeHRM Login Functionality"},{"name":"story","value":"Login to OrangeHRM"},{"name":"suite","value":"OrangeHRM Login Functionality"},{"name":"testClass","value":"Login to OrangeHRM"},{"name":"framework","value":"cucumber4jvm"},{"name":"language","value":"java"},{"name":"gherkin_uri","value":"file:///C:/Users/User/Desktop/ITQA-UI-Testing-Grp33-Selenium-Cucumber-TestNG/src/test/resources/features/2login.feature"},{"name":"package","value":"src.test.resources.features.2login_feature.OrangeHRM Login Functionality"}],"links":[],"name":"Login to OrangeHRM","status":"failed","statusDetails":{"known":false,"muted":false,"flaky":false,"message":"Unexpected result: User name is wrong","trace":"java.lang.AssertionError: Unexpected result: User name is wrong\r\n\tat stepDefinitions.LoginCheckStepDefinitions.userSeesResult(LoginCheckStepDefinitions.java:76)\r\n\tat ✽.User sees \"User name is wrong\"(file:///C:/Users/User/Desktop/ITQA-UI-Testing-Grp33-Selenium-Cucumber-TestNG/src/test/resources/features/2login.feature:9)\r\n"},"stage":"finished","steps":[{"name":"Given  User is on OrangeHRM login page","status":"passed","statusDetails":{"known":false,"muted":false,"flaky":false},"stage":"finished","steps":[],"attachments":[{"name":"LoginPage","source":"7bdc119a-98dc-4811-bc60-46748299598d-attachment","type":"image/png"}],"parameters":[],"start":1735796601796,"stop":1735796607497},{"name":"When  User enters username \"invaliduser\"","status":"passed","statusDetails":{"known":false,"muted":false,"flaky":false},"stage":"finished","steps":[],"attachments":[{"name":"EnterUsername","source":"244195b8-811a-4f2e-ab6d-20c6953308f9-attachment","type":"image/png"}],"parameters":[],"start":1735796607498,"stop":1735796609495},{"name":"And  User enters password \"admin123\"","status":"passed","statusDetails":{"known":false,"muted":false,"flaky":false},"stage":"finished","steps":[],"attachments":[{"name":"InvalidPassword","source":"19c343d2-1973-421b-8da9-61fbb0878294-attachment","type":"image/png"},{"name":"EnterPassword","source":"6d1c5778-87b6-47ec-929e-90c45546fd5d-attachment","type":"image/png"}],"parameters":[],"start":1735796609496,"stop":1735796611485},{"name":"And  User clicks login button","status":"passed","statusDetails":{"known":false,"muted":false,"flaky":false},"stage":"finished","steps":[],"attachments":[{"name":"LoginButton","source":"7635cbee-d8bc-488c-a432-c38bcb3ead30-attachment","type":"image/png"}],"parameters":[],"start":1735796611486,"stop":1735796615313},{"name":"Then  User sees \"User name is wrong\"","status":"failed","statusDetails":{"known":false,"muted":false,"flaky":false,"message":"Unexpected result: User name is wrong","trace":"java.lang.AssertionError: Unexpected result: User name is wrong\r\n\tat stepDefinitions.LoginCheckStepDefinitions.userSeesResult(LoginCheckStepDefinitions.java:76)\r\n\tat ✽.User sees \"User name is wrong\"(file:///C:/Users/User/Desktop/ITQA-UI-Testing-Grp33-Selenium-Cucumber-TestNG/src/test/resources/features/2login.feature:9)\r\n"},"stage":"finished","steps":[],"attachments":[],"parameters":[],"start":1735796615314,"stop":1735796615327}],"attachments":[],"parameters":[{"name":"username","value":"invaliduser"},{"name":"password","value":"admin123"},{"name":"expectedResult","value":"User name is wrong"}],"start":1735796599245,"stop":1735796618816}